<?xml version="1.0" encoding="UTF-8"?>
<robot generator="Robot 3.2.2 (Python 3.6.7 on win32)" generated="20210507 22:21:27.293" rpa="false">
<suite id="s1" name="AutomatedProcess" source="C:\Users\laura\OneDrive\Desktop\ROBOT\AutomatedProcess.robot">
<test id="s1-t1" name="Extract Euro From BNR">
<kw name="Open Browser" library="SeleniumLibrary">
<doc>Opens a new browser instance to the optional ``url``.</doc>
<arguments>
<arg>https://www.cursbnr.ro/</arg>
<arg>Chrome</arg>
</arguments>
<msg timestamp="20210507 22:21:30.793" level="INFO">Opening browser 'Chrome' to base url 'https://www.cursbnr.ro/'.</msg>
<status status="PASS" starttime="20210507 22:21:30.793" endtime="20210507 22:21:36.082"></status>
</kw>
<kw name="Get Text" library="SeleniumLibrary">
<doc>Returns the text value of the element identified by ``locator``.</doc>
<arguments>
<arg>${EuroPath}</arg>
</arguments>
<assign>
<var>${Euro}</var>
</assign>
<msg timestamp="20210507 22:21:36.121" level="INFO">${Euro} = 1 EURO = 4.9262 Lei</msg>
<status status="PASS" starttime="20210507 22:21:36.083" endtime="20210507 22:21:36.121"></status>
</kw>
<kw name="Fetch From Right" library="String">
<doc>Returns contents of the ``string`` after the last occurrence of ``marker``.</doc>
<arguments>
<arg>${Euro}</arg>
<arg>=${SPACE}</arg>
</arguments>
<assign>
<var>${FetchRight}</var>
</assign>
<msg timestamp="20210507 22:21:36.122" level="INFO">${FetchRight} = 4.9262 Lei</msg>
<status status="PASS" starttime="20210507 22:21:36.122" endtime="20210507 22:21:36.122"></status>
</kw>
<kw name="Fetch From Left" library="String">
<doc>Returns contents of the ``string`` before the first occurrence of ``marker``.</doc>
<arguments>
<arg>${FetchRight}</arg>
<arg>${SPACE}Lei</arg>
</arguments>
<assign>
<var>${FetchLeft}</var>
</assign>
<msg timestamp="20210507 22:21:36.123" level="INFO">${FetchLeft} = 4.9262</msg>
<status status="PASS" starttime="20210507 22:21:36.123" endtime="20210507 22:21:36.123"></status>
</kw>
<kw name="Convert To Number" library="BuiltIn">
<doc>Converts the given item to a floating point number.</doc>
<arguments>
<arg>${FetchLeft}</arg>
</arguments>
<assign>
<var>${ValueToAdd}</var>
</assign>
<msg timestamp="20210507 22:21:36.125" level="INFO">${ValueToAdd} = 4.9262</msg>
<status status="PASS" starttime="20210507 22:21:36.124" endtime="20210507 22:21:36.125"></status>
</kw>
<kw name="Set Global Variable" library="BuiltIn">
<doc>Makes a variable available globally in all tests and suites.</doc>
<arguments>
<arg>${ValueToAdd}</arg>
<arg>${ValueToAdd}</arg>
</arguments>
<msg timestamp="20210507 22:21:36.126" level="INFO">${ValueToAdd} = 4.9262</msg>
<status status="PASS" starttime="20210507 22:21:36.125" endtime="20210507 22:21:36.126"></status>
</kw>
<kw name="Close Browser" library="SeleniumLibrary">
<doc>Closes the current browser.</doc>
<status status="PASS" starttime="20210507 22:21:36.127" endtime="20210507 22:21:38.370"></status>
</kw>
<status status="PASS" starttime="20210507 22:21:30.792" endtime="20210507 22:21:38.372" critical="yes"></status>
</test>
<test id="s1-t2" name="Extract ROBOR From BNR">
<kw name="Open Browser" library="SeleniumLibrary">
<doc>Opens a new browser instance to the optional ``url``.</doc>
<arguments>
<arg>https://www.bnr.ro/ROBID-ROBOR-5672.aspx</arg>
<arg>Chrome</arg>
</arguments>
<msg timestamp="20210507 22:21:38.381" level="INFO">Opening browser 'Chrome' to base url 'https://www.bnr.ro/ROBID-ROBOR-5672.aspx'.</msg>
<status status="PASS" starttime="20210507 22:21:38.381" endtime="20210507 22:21:40.438"></status>
</kw>
<kw name="Get Text" library="SeleniumLibrary">
<doc>Returns the text value of the element identified by ``locator``.</doc>
<arguments>
<arg>${ROBORPath}</arg>
</arguments>
<assign>
<var>${ROBOR}</var>
</assign>
<msg timestamp="20210507 22:21:40.475" level="INFO">${ROBOR} = 1.23</msg>
<status status="PASS" starttime="20210507 22:21:40.439" endtime="20210507 22:21:40.475"></status>
</kw>
<kw name="Convert To Number" library="BuiltIn">
<doc>Converts the given item to a floating point number.</doc>
<arguments>
<arg>${ROBOR}</arg>
</arguments>
<assign>
<var>${ROBOR}</var>
</assign>
<msg timestamp="20210507 22:21:40.475" level="INFO">${ROBOR} = 1.23</msg>
<status status="PASS" starttime="20210507 22:21:40.475" endtime="20210507 22:21:40.475"></status>
</kw>
<kw name="Set Global Variable" library="BuiltIn">
<doc>Makes a variable available globally in all tests and suites.</doc>
<arguments>
<arg>${ROBOR}</arg>
<arg>${ROBOR}</arg>
</arguments>
<msg timestamp="20210507 22:21:40.476" level="INFO">${ROBOR} = 1.23</msg>
<status status="PASS" starttime="20210507 22:21:40.476" endtime="20210507 22:21:40.476"></status>
</kw>
<kw name="Close Browser" library="SeleniumLibrary">
<doc>Closes the current browser.</doc>
<status status="PASS" starttime="20210507 22:21:40.477" endtime="20210507 22:21:42.601"></status>
</kw>
<status status="PASS" starttime="20210507 22:21:38.378" endtime="20210507 22:21:42.601" critical="yes"></status>
</test>
<test id="s1-t3" name="Extract IRCC from BNR">
<kw name="Open Browser" library="SeleniumLibrary">
<doc>Opens a new browser instance to the optional ``url``.</doc>
<arguments>
<arg>https://www.bnr.ro/Indicele-de-referin%C8%9Ba-pentru-creditele-consumatorilor--19492.aspx</arg>
<arg>Chrome</arg>
</arguments>
<msg timestamp="20210507 22:21:42.607" level="INFO">Opening browser 'Chrome' to base url 'https://www.bnr.ro/Indicele-de-referin%C8%9Ba-pentru-creditele-consumatorilor--19492.aspx'.</msg>
<status status="PASS" starttime="20210507 22:21:42.607" endtime="20210507 22:21:44.523"></status>
</kw>
<kw name="Get Text" library="SeleniumLibrary">
<doc>Returns the text value of the element identified by ``locator``.</doc>
<arguments>
<arg>//*[@id="10days"]//tbody//tr[2]//td[2]</arg>
</arguments>
<assign>
<var>${IRCC}</var>
</assign>
<msg timestamp="20210507 22:21:44.560" level="INFO">${IRCC} = 1,13</msg>
<status status="PASS" starttime="20210507 22:21:44.524" endtime="20210507 22:21:44.560"></status>
</kw>
<kw name="Replace String" library="String">
<doc>Replaces ``search_for`` in the given ``string`` with ``replace_with``.</doc>
<arguments>
<arg>${IRCC}</arg>
<arg>,</arg>
<arg>.</arg>
</arguments>
<assign>
<var>${IRCC}</var>
</assign>
<msg timestamp="20210507 22:21:44.563" level="INFO">${IRCC} = 1.13</msg>
<status status="PASS" starttime="20210507 22:21:44.561" endtime="20210507 22:21:44.563"></status>
</kw>
<kw name="Convert To Number" library="BuiltIn">
<doc>Converts the given item to a floating point number.</doc>
<arguments>
<arg>${IRCC}</arg>
</arguments>
<assign>
<var>${IRCC}</var>
</assign>
<msg timestamp="20210507 22:21:44.563" level="INFO">${IRCC} = 1.13</msg>
<status status="PASS" starttime="20210507 22:21:44.563" endtime="20210507 22:21:44.563"></status>
</kw>
<kw name="Set Global Variable" library="BuiltIn">
<doc>Makes a variable available globally in all tests and suites.</doc>
<arguments>
<arg>${IRCC}</arg>
<arg>${IRCC}</arg>
</arguments>
<msg timestamp="20210507 22:21:44.565" level="INFO">${IRCC} = 1.13</msg>
<status status="PASS" starttime="20210507 22:21:44.565" endtime="20210507 22:21:44.566"></status>
</kw>
<kw name="Close Browser" library="SeleniumLibrary">
<doc>Closes the current browser.</doc>
<status status="PASS" starttime="20210507 22:21:44.567" endtime="20210507 22:21:46.740"></status>
</kw>
<status status="PASS" starttime="20210507 22:21:42.605" endtime="20210507 22:21:46.742" critical="yes"></status>
</test>
<test id="s1-t4" name="Extract IMO from Imobiliare">
<kw name="Open Browser" library="SeleniumLibrary">
<doc>Opens a new browser instance to the optional ``url``.</doc>
<arguments>
<arg>https://www.imobiliare.ro/indicele-imobiliare-ro/bucuresti</arg>
<arg>Chrome</arg>
</arguments>
<msg timestamp="20210507 22:21:46.750" level="INFO">Opening browser 'Chrome' to base url 'https://www.imobiliare.ro/indicele-imobiliare-ro/bucuresti'.</msg>
<status status="PASS" starttime="20210507 22:21:46.750" endtime="20210507 22:21:50.520"></status>
</kw>
<kw name="Get Text" library="SeleniumLibrary">
<doc>Returns the text value of the element identified by ``locator``.</doc>
<arguments>
<arg>//div[@class="col-lg-9 col-md-8 col-sm-8 col-xs-12"]//span[@class="pret_unitar"]</arg>
</arguments>
<assign>
<var>${IMO}</var>
</assign>
<msg timestamp="20210507 22:21:50.842" level="INFO">${IMO} = 1.430 €/mp</msg>
<status status="PASS" starttime="20210507 22:21:50.521" endtime="20210507 22:21:50.842"></status>
</kw>
<kw name="Replace String" library="String">
<doc>Replaces ``search_for`` in the given ``string`` with ``replace_with``.</doc>
<arguments>
<arg>${IMO}</arg>
<arg>.</arg>
<arg>${EMPTY}</arg>
</arguments>
<assign>
<var>${IMO}</var>
</assign>
<msg timestamp="20210507 22:21:50.843" level="INFO">${IMO} = 1430 €/mp</msg>
<status status="PASS" starttime="20210507 22:21:50.843" endtime="20210507 22:21:50.843"></status>
</kw>
<kw name="Fetch From Left" library="String">
<doc>Returns contents of the ``string`` before the first occurrence of ``marker``.</doc>
<arguments>
<arg>${IMO}</arg>
<arg>€/mp</arg>
</arguments>
<assign>
<var>${IMO}</var>
</assign>
<msg timestamp="20210507 22:21:50.844" level="INFO">${IMO} = 1430 </msg>
<status status="PASS" starttime="20210507 22:21:50.844" endtime="20210507 22:21:50.844"></status>
</kw>
<kw name="Convert To Number" library="BuiltIn">
<doc>Converts the given item to a floating point number.</doc>
<arguments>
<arg>${IMO}</arg>
</arguments>
<assign>
<var>${IMO}</var>
</assign>
<msg timestamp="20210507 22:21:50.845" level="INFO">${IMO} = 1430.0</msg>
<status status="PASS" starttime="20210507 22:21:50.845" endtime="20210507 22:21:50.845"></status>
</kw>
<kw name="Set Global Variable" library="BuiltIn">
<doc>Makes a variable available globally in all tests and suites.</doc>
<arguments>
<arg>${IMO}</arg>
<arg>${IMO}</arg>
</arguments>
<msg timestamp="20210507 22:21:50.847" level="INFO">${IMO} = 1430.0</msg>
<status status="PASS" starttime="20210507 22:21:50.846" endtime="20210507 22:21:50.847"></status>
</kw>
<kw name="Close Browser" library="SeleniumLibrary">
<doc>Closes the current browser.</doc>
<status status="PASS" starttime="20210507 22:21:50.847" endtime="20210507 22:21:53.030"></status>
</kw>
<status status="PASS" starttime="20210507 22:21:46.747" endtime="20210507 22:21:53.032" critical="yes"></status>
</test>
<test id="s1-t5" name="Add Values">
<kw name="Add Values For Indicators" library="indici">
<arguments>
<arg>C:\\Users\\laura\\OneDrive\\Desktop\\ROBOT\\EuroEvolutie.xlsx</arg>
<arg>${ValueToAdd}</arg>
<arg>${ROBOR}</arg>
<arg>${IRCC}</arg>
<arg>${IMO}</arg>
</arguments>
<msg timestamp="20210507 22:21:53.139" level="INFO">Today's date: 2021-05-07</msg>
<status status="PASS" starttime="20210507 22:21:53.040" endtime="20210507 22:21:53.139"></status>
</kw>
<kw name="Close Browser" library="SeleniumLibrary">
<doc>Closes the current browser.</doc>
<status status="PASS" starttime="20210507 22:21:53.140" endtime="20210507 22:21:53.140"></status>
</kw>
<status status="PASS" starttime="20210507 22:21:53.037" endtime="20210507 22:21:53.141" critical="yes"></status>
</test>
<test id="s1-t6" name="ING FIRST">
<kw name="Open Browser" library="SeleniumLibrary">
<doc>Opens a new browser instance to the optional ``url``.</doc>
<arguments>
<arg>https://ing.ro/persoane-fizice/credite/ipotecar</arg>
<arg>Chrome</arg>
</arguments>
<msg timestamp="20210507 22:21:53.144" level="INFO">Opening browser 'Chrome' to base url 'https://ing.ro/persoane-fizice/credite/ipotecar'.</msg>
<status status="PASS" starttime="20210507 22:21:53.144" endtime="20210507 22:21:55.811"></status>
</kw>
<kw name="Maximize Browser Window" library="SeleniumLibrary">
<doc>Maximizes current browser window.</doc>
<status status="PASS" starttime="20210507 22:21:55.812" endtime="20210507 22:21:55.943"></status>
</kw>
<kw name="Sleep" library="BuiltIn">
<doc>Pauses the test executed for the given time.</doc>
<arguments>
<arg>3s</arg>
</arguments>
<msg timestamp="20210507 22:21:58.954" level="INFO">Slept 3 seconds</msg>
<status status="PASS" starttime="20210507 22:21:55.944" endtime="20210507 22:21:58.954"></status>
</kw>
<kw name="Click Element" library="SeleniumLibrary">
<doc>Click the element identified by ``locator``.</doc>
<arguments>
<arg>${Accept}</arg>
</arguments>
<msg timestamp="20210507 22:21:58.957" level="INFO">Clicking element '//*[@id="onetrust-accept-btn-handler"]'.</msg>
<status status="PASS" starttime="20210507 22:21:58.956" endtime="20210507 22:21:59.128"></status>
</kw>
<kw name="Sleep" library="BuiltIn">
<doc>Pauses the test executed for the given time.</doc>
<arguments>
<arg>1s</arg>
</arguments>
<msg timestamp="20210507 22:22:00.146" level="INFO">Slept 1 second</msg>
<status status="PASS" starttime="20210507 22:21:59.129" endtime="20210507 22:22:00.146"></status>
</kw>
<kw name="Click Element" library="SeleniumLibrary">
<doc>Click the element identified by ``locator``.</doc>
<arguments>
<arg>${InputValoare}</arg>
</arguments>
<msg timestamp="20210507 22:22:00.148" level="INFO">Clicking element '//input[@id="front_valoare_proprietate"]'.</msg>
<status status="PASS" starttime="20210507 22:22:00.147" endtime="20210507 22:22:00.243"></status>
</kw>
<kw name="Enter Value For First" library="InputValue39">
<status status="PASS" starttime="20210507 22:22:00.243" endtime="20210507 22:22:00.918"></status>
</kw>
<kw name="Click Element" library="SeleniumLibrary">
<doc>Click the element identified by ``locator``.</doc>
<arguments>
<arg>//*[@id="fa-un-calcul"]</arg>
</arguments>
<msg timestamp="20210507 22:22:00.918" level="INFO">Clicking element '//*[@id="fa-un-calcul"]'.</msg>
<status status="PASS" starttime="20210507 22:22:00.918" endtime="20210507 22:22:01.054"></status>
</kw>
<kw name="ING Enter Value for Ipotecar">
<kw name="Get Text" library="SeleniumLibrary">
<doc>Returns the text value of the element identified by ``locator``.</doc>
<arguments>
<arg>${DobandaING}</arg>
</arguments>
<assign>
<var>${DobandaPA}</var>
</assign>
<msg timestamp="20210507 22:22:01.083" level="INFO">${DobandaPA} = 4,63</msg>
<status status="PASS" starttime="20210507 22:22:01.056" endtime="20210507 22:22:01.083"></status>
</kw>
<kw name="Replace String" library="String">
<doc>Replaces ``search_for`` in the given ``string`` with ``replace_with``.</doc>
<arguments>
<arg>${DobandaPA}</arg>
<arg>,</arg>
<arg>.</arg>
</arguments>
<assign>
<var>${DobandaPA}</var>
</assign>
<msg timestamp="20210507 22:22:01.083" level="INFO">${DobandaPA} = 4.63</msg>
<status status="PASS" starttime="20210507 22:22:01.083" endtime="20210507 22:22:01.084"></status>
</kw>
<kw name="Convert To Number" library="BuiltIn">
<doc>Converts the given item to a floating point number.</doc>
<arguments>
<arg>${DobandaPA}</arg>
</arguments>
<assign>
<var>${DobandaPA_ING}</var>
</assign>
<msg timestamp="20210507 22:22:01.084" level="INFO">${DobandaPA_ING} = 4.63</msg>
<status status="PASS" starttime="20210507 22:22:01.084" endtime="20210507 22:22:01.084"></status>
</kw>
<kw name="Set Global Variable" library="BuiltIn">
<doc>Makes a variable available globally in all tests and suites.</doc>
<arguments>
<arg>${DobandaPA_ING}</arg>
<arg>${DobandaPA_ING}</arg>
</arguments>
<msg timestamp="20210507 22:22:01.084" level="INFO">${DobandaPA_ING} = 4.63</msg>
<status status="PASS" starttime="20210507 22:22:01.084" endtime="20210507 22:22:01.085"></status>
</kw>
<kw name="Get Text" library="SeleniumLibrary">
<doc>Returns the text value of the element identified by ``locator``.</doc>
<arguments>
<arg>${DAE}</arg>
</arguments>
<assign>
<var>${DAE_PA}</var>
</assign>
<msg timestamp="20210507 22:22:01.109" level="INFO">${DAE_PA} = 5,57</msg>
<status status="PASS" starttime="20210507 22:22:01.085" endtime="20210507 22:22:01.109"></status>
</kw>
<kw name="Replace String" library="String">
<doc>Replaces ``search_for`` in the given ``string`` with ``replace_with``.</doc>
<arguments>
<arg>${DAE_PA}</arg>
<arg>,</arg>
<arg>.</arg>
</arguments>
<assign>
<var>${DAE_PA}</var>
</assign>
<msg timestamp="20210507 22:22:01.110" level="INFO">${DAE_PA} = 5.57</msg>
<status status="PASS" starttime="20210507 22:22:01.109" endtime="20210507 22:22:01.110"></status>
</kw>
<kw name="Convert To Number" library="BuiltIn">
<doc>Converts the given item to a floating point number.</doc>
<arguments>
<arg>${DAE_PA}</arg>
</arguments>
<assign>
<var>${DAE_PA_ING}</var>
</assign>
<msg timestamp="20210507 22:22:01.111" level="INFO">${DAE_PA_ING} = 5.57</msg>
<status status="PASS" starttime="20210507 22:22:01.110" endtime="20210507 22:22:01.111"></status>
</kw>
<kw name="Set Global Variable" library="BuiltIn">
<doc>Makes a variable available globally in all tests and suites.</doc>
<arguments>
<arg>${DAE_PA_ING}</arg>
<arg>${DAE_PA_ING}</arg>
</arguments>
<msg timestamp="20210507 22:22:01.112" level="INFO">${DAE_PA_ING} = 5.57</msg>
<status status="PASS" starttime="20210507 22:22:01.111" endtime="20210507 22:22:01.112"></status>
</kw>
<kw name="Get Text" library="SeleniumLibrary">
<doc>Returns the text value of the element identified by ``locator``.</doc>
<arguments>
<arg>${RataLunara}</arg>
</arguments>
<assign>
<var>${PrimaRata}</var>
</assign>
<msg timestamp="20210507 22:22:01.137" level="INFO">${PrimaRata} = 1.705,36</msg>
<status status="PASS" starttime="20210507 22:22:01.112" endtime="20210507 22:22:01.137"></status>
</kw>
<kw name="Replace String" library="String">
<doc>Replaces ``search_for`` in the given ``string`` with ``replace_with``.</doc>
<arguments>
<arg>${PrimaRata}</arg>
<arg>.</arg>
<arg>${EMPTY}</arg>
</arguments>
<assign>
<var>${PrimaRata}</var>
</assign>
<msg timestamp="20210507 22:22:01.138" level="INFO">${PrimaRata} = 1705,36</msg>
<status status="PASS" starttime="20210507 22:22:01.137" endtime="20210507 22:22:01.138"></status>
</kw>
<kw name="Replace String" library="String">
<doc>Replaces ``search_for`` in the given ``string`` with ``replace_with``.</doc>
<arguments>
<arg>${PrimaRata}</arg>
<arg>,</arg>
<arg>.</arg>
</arguments>
<assign>
<var>${PrimaRata}</var>
</assign>
<msg timestamp="20210507 22:22:01.138" level="INFO">${PrimaRata} = 1705.36</msg>
<status status="PASS" starttime="20210507 22:22:01.138" endtime="20210507 22:22:01.138"></status>
</kw>
<kw name="Convert To Number" library="BuiltIn">
<doc>Converts the given item to a floating point number.</doc>
<arguments>
<arg>${PrimaRata}</arg>
</arguments>
<assign>
<var>${PrimaRata_ING}</var>
</assign>
<msg timestamp="20210507 22:22:01.138" level="INFO">${PrimaRata_ING} = 1705.36</msg>
<status status="PASS" starttime="20210507 22:22:01.138" endtime="20210507 22:22:01.139"></status>
</kw>
<kw name="Set Global Variable" library="BuiltIn">
<doc>Makes a variable available globally in all tests and suites.</doc>
<arguments>
<arg>${PrimaRata_ING}</arg>
<arg>${PrimaRata_ING}</arg>
</arguments>
<msg timestamp="20210507 22:22:01.139" level="INFO">${PrimaRata_ING} = 1705.36</msg>
<status status="PASS" starttime="20210507 22:22:01.139" endtime="20210507 22:22:01.139"></status>
</kw>
<kw name="Get Text" library="SeleniumLibrary">
<doc>Returns the text value of the element identified by ``locator``.</doc>
<arguments>
<arg>${Ramburs}</arg>
</arguments>
<assign>
<var>${RambursTotal}</var>
</assign>
<msg timestamp="20210507 22:22:01.165" level="INFO">${RambursTotal} = 655.661,06</msg>
<status status="PASS" starttime="20210507 22:22:01.139" endtime="20210507 22:22:01.166"></status>
</kw>
<kw name="Replace String" library="String">
<doc>Replaces ``search_for`` in the given ``string`` with ``replace_with``.</doc>
<arguments>
<arg>${RambursTotal}</arg>
<arg>.</arg>
<arg>${EMPTY}</arg>
</arguments>
<assign>
<var>${RambursTotal}</var>
</assign>
<msg timestamp="20210507 22:22:01.166" level="INFO">${RambursTotal} = 655661,06</msg>
<status status="PASS" starttime="20210507 22:22:01.166" endtime="20210507 22:22:01.166"></status>
</kw>
<kw name="Replace String" library="String">
<doc>Replaces ``search_for`` in the given ``string`` with ``replace_with``.</doc>
<arguments>
<arg>${RambursTotal}</arg>
<arg>,</arg>
<arg>.</arg>
</arguments>
<assign>
<var>${RambursTotal}</var>
</assign>
<msg timestamp="20210507 22:22:01.167" level="INFO">${RambursTotal} = 655661.06</msg>
<status status="PASS" starttime="20210507 22:22:01.166" endtime="20210507 22:22:01.167"></status>
</kw>
<kw name="Convert To Number" library="BuiltIn">
<doc>Converts the given item to a floating point number.</doc>
<arguments>
<arg>${RambursTotal}</arg>
</arguments>
<assign>
<var>${RambursTotal_ING}</var>
</assign>
<msg timestamp="20210507 22:22:01.167" level="INFO">${RambursTotal_ING} = 655661.06</msg>
<status status="PASS" starttime="20210507 22:22:01.167" endtime="20210507 22:22:01.167"></status>
</kw>
<kw name="Set Global Variable" library="BuiltIn">
<doc>Makes a variable available globally in all tests and suites.</doc>
<arguments>
<arg>${RambursTotal_ING}</arg>
<arg>${RambursTotal_ING}</arg>
</arguments>
<msg timestamp="20210507 22:22:01.168" level="INFO">${RambursTotal_ING} = 655661.06</msg>
<status status="PASS" starttime="20210507 22:22:01.167" endtime="20210507 22:22:01.168"></status>
</kw>
<status status="PASS" starttime="20210507 22:22:01.055" endtime="20210507 22:22:01.168"></status>
</kw>
<kw name="Close Browser" library="SeleniumLibrary">
<doc>Closes the current browser.</doc>
<status status="PASS" starttime="20210507 22:22:01.169" endtime="20210507 22:22:03.426"></status>
</kw>
<kw name="Open Browser" library="SeleniumLibrary">
<doc>Opens a new browser instance to the optional ``url``.</doc>
<arguments>
<arg>https://ing.ro/lp/noua-casa</arg>
<arg>Chrome</arg>
</arguments>
<msg timestamp="20210507 22:22:03.426" level="INFO">Opening browser 'Chrome' to base url 'https://ing.ro/lp/noua-casa'.</msg>
<status status="PASS" starttime="20210507 22:22:03.426" endtime="20210507 22:22:06.205"></status>
</kw>
<kw name="Maximize Browser Window" library="SeleniumLibrary">
<doc>Maximizes current browser window.</doc>
<status status="PASS" starttime="20210507 22:22:06.206" endtime="20210507 22:22:06.336"></status>
</kw>
<kw name="Sleep" library="BuiltIn">
<doc>Pauses the test executed for the given time.</doc>
<arguments>
<arg>3s</arg>
</arguments>
<msg timestamp="20210507 22:22:09.338" level="INFO">Slept 3 seconds</msg>
<status status="PASS" starttime="20210507 22:22:06.336" endtime="20210507 22:22:09.338"></status>
</kw>
<kw name="Click Element" library="SeleniumLibrary">
<doc>Click the element identified by ``locator``.</doc>
<arguments>
<arg>${Accept}</arg>
</arguments>
<msg timestamp="20210507 22:22:09.338" level="INFO">Clicking element '//*[@id="onetrust-accept-btn-handler"]'.</msg>
<status status="PASS" starttime="20210507 22:22:09.338" endtime="20210507 22:22:09.491"></status>
</kw>
<kw name="Sleep" library="BuiltIn">
<doc>Pauses the test executed for the given time.</doc>
<arguments>
<arg>1s</arg>
</arguments>
<msg timestamp="20210507 22:22:10.506" level="INFO">Slept 1 second</msg>
<status status="PASS" starttime="20210507 22:22:09.492" endtime="20210507 22:22:10.506"></status>
</kw>
<kw name="Click Element" library="SeleniumLibrary">
<doc>Click the element identified by ``locator``.</doc>
<arguments>
<arg>${InputValoare}</arg>
</arguments>
<msg timestamp="20210507 22:22:10.507" level="INFO">Clicking element '//input[@id="front_valoare_proprietate"]'.</msg>
<status status="PASS" starttime="20210507 22:22:10.507" endtime="20210507 22:22:10.625"></status>
</kw>
<kw name="Enter Value For First" library="InputValue39">
<status status="PASS" starttime="20210507 22:22:10.625" endtime="20210507 22:22:11.271"></status>
</kw>
<kw name="Sleep" library="BuiltIn">
<doc>Pauses the test executed for the given time.</doc>
<arguments>
<arg>1s</arg>
</arguments>
<msg timestamp="20210507 22:22:12.286" level="INFO">Slept 1 second</msg>
<status status="PASS" starttime="20210507 22:22:11.271" endtime="20210507 22:22:12.286"></status>
</kw>
<kw name="Click Element" library="SeleniumLibrary">
<doc>Click the element identified by ``locator``.</doc>
<arguments>
<arg>//*[@class="clearfix spgCell"]</arg>
</arguments>
<msg timestamp="20210507 22:22:12.286" level="INFO">Clicking element '//*[@class="clearfix spgCell"]'.</msg>
<status status="PASS" starttime="20210507 22:22:12.286" endtime="20210507 22:22:12.373"></status>
</kw>
<kw name="ING Enter Value for Prima Casa">
<kw name="Get Text" library="SeleniumLibrary">
<doc>Returns the text value of the element identified by ``locator``.</doc>
<arguments>
<arg>${DobandaING}</arg>
</arguments>
<assign>
<var>${PC_DobandaPA}</var>
</assign>
<msg timestamp="20210507 22:22:12.401" level="INFO">${PC_DobandaPA} = 3,88</msg>
<status status="PASS" starttime="20210507 22:22:12.374" endtime="20210507 22:22:12.401"></status>
</kw>
<kw name="Replace String" library="String">
<doc>Replaces ``search_for`` in the given ``string`` with ``replace_with``.</doc>
<arguments>
<arg>${PC_DobandaPA}</arg>
<arg>,</arg>
<arg>.</arg>
</arguments>
<assign>
<var>${PC_DobandaPA}</var>
</assign>
<msg timestamp="20210507 22:22:12.401" level="INFO">${PC_DobandaPA} = 3.88</msg>
<status status="PASS" starttime="20210507 22:22:12.401" endtime="20210507 22:22:12.401"></status>
</kw>
<kw name="Convert To Number" library="BuiltIn">
<doc>Converts the given item to a floating point number.</doc>
<arguments>
<arg>${PC_DobandaPA}</arg>
</arguments>
<assign>
<var>${PC_DobandaPA_ING}</var>
</assign>
<msg timestamp="20210507 22:22:12.402" level="INFO">${PC_DobandaPA_ING} = 3.88</msg>
<status status="PASS" starttime="20210507 22:22:12.401" endtime="20210507 22:22:12.402"></status>
</kw>
<kw name="Set Global Variable" library="BuiltIn">
<doc>Makes a variable available globally in all tests and suites.</doc>
<arguments>
<arg>${PC_DobandaPA_ING}</arg>
<arg>${PC_DobandaPA_ING}</arg>
</arguments>
<msg timestamp="20210507 22:22:12.402" level="INFO">${PC_DobandaPA_ING} = 3.88</msg>
<status status="PASS" starttime="20210507 22:22:12.402" endtime="20210507 22:22:12.402"></status>
</kw>
<kw name="Get Text" library="SeleniumLibrary">
<doc>Returns the text value of the element identified by ``locator``.</doc>
<arguments>
<arg>${DAE}</arg>
</arguments>
<assign>
<var>${PC_DAE_PA}</var>
</assign>
<msg timestamp="20210507 22:22:12.428" level="INFO">${PC_DAE_PA} = 4,80</msg>
<status status="PASS" starttime="20210507 22:22:12.402" endtime="20210507 22:22:12.428"></status>
</kw>
<kw name="Replace String" library="String">
<doc>Replaces ``search_for`` in the given ``string`` with ``replace_with``.</doc>
<arguments>
<arg>${PC_DAE_PA}</arg>
<arg>,</arg>
<arg>.</arg>
</arguments>
<assign>
<var>${PC_DAE_PA}</var>
</assign>
<msg timestamp="20210507 22:22:12.429" level="INFO">${PC_DAE_PA} = 4.80</msg>
<status status="PASS" starttime="20210507 22:22:12.428" endtime="20210507 22:22:12.429"></status>
</kw>
<kw name="Convert To Number" library="BuiltIn">
<doc>Converts the given item to a floating point number.</doc>
<arguments>
<arg>${PC_DAE_PA}</arg>
</arguments>
<assign>
<var>${PC_DAE_PA_ING}</var>
</assign>
<msg timestamp="20210507 22:22:12.429" level="INFO">${PC_DAE_PA_ING} = 4.8</msg>
<status status="PASS" starttime="20210507 22:22:12.429" endtime="20210507 22:22:12.429"></status>
</kw>
<kw name="Set Global Variable" library="BuiltIn">
<doc>Makes a variable available globally in all tests and suites.</doc>
<arguments>
<arg>${PC_DAE_PA_ING}</arg>
<arg>${PC_DAE_PA_ING}</arg>
</arguments>
<msg timestamp="20210507 22:22:12.430" level="INFO">${PC_DAE_PA_ING} = 4.8</msg>
<status status="PASS" starttime="20210507 22:22:12.429" endtime="20210507 22:22:12.430"></status>
</kw>
<kw name="Get Text" library="SeleniumLibrary">
<doc>Returns the text value of the element identified by ``locator``.</doc>
<arguments>
<arg>${RataLunara_PC}</arg>
</arguments>
<assign>
<var>${PC_PrimaRata}</var>
</assign>
<msg timestamp="20210507 22:22:12.454" level="INFO">${PC_PrimaRata} = 1.559,78</msg>
<status status="PASS" starttime="20210507 22:22:12.430" endtime="20210507 22:22:12.454"></status>
</kw>
<kw name="Replace String" library="String">
<doc>Replaces ``search_for`` in the given ``string`` with ``replace_with``.</doc>
<arguments>
<arg>${PC_PrimaRata}</arg>
<arg>.</arg>
<arg>${EMPTY}</arg>
</arguments>
<assign>
<var>${PC_PrimaRata}</var>
</assign>
<msg timestamp="20210507 22:22:12.455" level="INFO">${PC_PrimaRata} = 1559,78</msg>
<status status="PASS" starttime="20210507 22:22:12.454" endtime="20210507 22:22:12.455"></status>
</kw>
<kw name="Replace String" library="String">
<doc>Replaces ``search_for`` in the given ``string`` with ``replace_with``.</doc>
<arguments>
<arg>${PC_PrimaRata}</arg>
<arg>,</arg>
<arg>.</arg>
</arguments>
<assign>
<var>${PC_PrimaRata}</var>
</assign>
<msg timestamp="20210507 22:22:12.455" level="INFO">${PC_PrimaRata} = 1559.78</msg>
<status status="PASS" starttime="20210507 22:22:12.455" endtime="20210507 22:22:12.455"></status>
</kw>
<kw name="Convert To Number" library="BuiltIn">
<doc>Converts the given item to a floating point number.</doc>
<arguments>
<arg>${PC_PrimaRata}</arg>
</arguments>
<assign>
<var>${PC_PrimaRata_ING}</var>
</assign>
<msg timestamp="20210507 22:22:12.456" level="INFO">${PC_PrimaRata_ING} = 1559.78</msg>
<status status="PASS" starttime="20210507 22:22:12.455" endtime="20210507 22:22:12.456"></status>
</kw>
<kw name="Set Global Variable" library="BuiltIn">
<doc>Makes a variable available globally in all tests and suites.</doc>
<arguments>
<arg>${PC_PrimaRata_ING}</arg>
<arg>${PC_PrimaRata_ING}</arg>
</arguments>
<msg timestamp="20210507 22:22:12.456" level="INFO">${PC_PrimaRata_ING} = 1559.78</msg>
<status status="PASS" starttime="20210507 22:22:12.456" endtime="20210507 22:22:12.456"></status>
</kw>
<kw name="Get Text" library="SeleniumLibrary">
<doc>Returns the text value of the element identified by ``locator``.</doc>
<arguments>
<arg>${Ramburs_PC}</arg>
</arguments>
<assign>
<var>${PC_RambursTotal}</var>
</assign>
<msg timestamp="20210507 22:22:12.482" level="INFO">${PC_RambursTotal} = 592.448,41</msg>
<status status="PASS" starttime="20210507 22:22:12.456" endtime="20210507 22:22:12.482"></status>
</kw>
<kw name="Replace String" library="String">
<doc>Replaces ``search_for`` in the given ``string`` with ``replace_with``.</doc>
<arguments>
<arg>${PC_RambursTotal}</arg>
<arg>.</arg>
<arg>${EMPTY}</arg>
</arguments>
<assign>
<var>${PC_RambursTotal}</var>
</assign>
<msg timestamp="20210507 22:22:12.483" level="INFO">${PC_RambursTotal} = 592448,41</msg>
<status status="PASS" starttime="20210507 22:22:12.483" endtime="20210507 22:22:12.483"></status>
</kw>
<kw name="Replace String" library="String">
<doc>Replaces ``search_for`` in the given ``string`` with ``replace_with``.</doc>
<arguments>
<arg>${PC_RambursTotal}</arg>
<arg>,</arg>
<arg>.</arg>
</arguments>
<assign>
<var>${PC_RambursTotal}</var>
</assign>
<msg timestamp="20210507 22:22:12.483" level="INFO">${PC_RambursTotal} = 592448.41</msg>
<status status="PASS" starttime="20210507 22:22:12.483" endtime="20210507 22:22:12.483"></status>
</kw>
<kw name="Convert To Number" library="BuiltIn">
<doc>Converts the given item to a floating point number.</doc>
<arguments>
<arg>${PC_RambursTotal}</arg>
</arguments>
<assign>
<var>${PC_RambursTotal_ING}</var>
</assign>
<msg timestamp="20210507 22:22:12.484" level="INFO">${PC_RambursTotal_ING} = 592448.41</msg>
<status status="PASS" starttime="20210507 22:22:12.484" endtime="20210507 22:22:12.484"></status>
</kw>
<kw name="Set Global Variable" library="BuiltIn">
<doc>Makes a variable available globally in all tests and suites.</doc>
<arguments>
<arg>${PC_RambursTotal_ING}</arg>
</arguments>
<msg timestamp="20210507 22:22:12.485" level="INFO">${PC_RambursTotal_ING} = 592448.41</msg>
<status status="PASS" starttime="20210507 22:22:12.484" endtime="20210507 22:22:12.485"></status>
</kw>
<status status="PASS" starttime="20210507 22:22:12.373" endtime="20210507 22:22:12.485"></status>
</kw>
<kw name="Close Browser" library="SeleniumLibrary">
<doc>Closes the current browser.</doc>
<status status="PASS" starttime="20210507 22:22:12.485" endtime="20210507 22:22:14.678"></status>
</kw>
<status status="PASS" starttime="20210507 22:21:53.143" endtime="20210507 22:22:14.680" critical="yes"></status>
</test>
<test id="s1-t7" name="Raiffeisen First">
<kw name="Open Browser" library="SeleniumLibrary">
<doc>Opens a new browser instance to the optional ``url``.</doc>
<arguments>
<arg>https://www.raiffeisen.ro/persoane-fizice/instrumente-utile/calculator-rata-credite/</arg>
<arg>Chrome</arg>
</arguments>
<msg timestamp="20210507 22:22:14.689" level="INFO">Opening browser 'Chrome' to base url 'https://www.raiffeisen.ro/persoane-fizice/instrumente-utile/calculator-rata-credite/'.</msg>
<status status="PASS" starttime="20210507 22:22:14.688" endtime="20210507 22:22:17.818"></status>
</kw>
<kw name="Maximize Browser Window" library="SeleniumLibrary">
<doc>Maximizes current browser window.</doc>
<status status="PASS" starttime="20210507 22:22:17.819" endtime="20210507 22:22:17.956"></status>
</kw>
<kw name="Sleep" library="BuiltIn">
<doc>Pauses the test executed for the given time.</doc>
<arguments>
<arg>3s</arg>
</arguments>
<msg timestamp="20210507 22:22:20.963" level="INFO">Slept 3 seconds</msg>
<status status="PASS" starttime="20210507 22:22:17.956" endtime="20210507 22:22:20.963"></status>
</kw>
<kw name="Click Element" library="SeleniumLibrary">
<doc>Click the element identified by ``locator``.</doc>
<arguments>
<arg>${AcceptRaiff}</arg>
</arguments>
<msg timestamp="20210507 22:22:20.963" level="INFO">Clicking element '//*[@id="cookiesAccept"]'.</msg>
<status status="PASS" starttime="20210507 22:22:20.963" endtime="20210507 22:22:21.018"></status>
</kw>
<kw name="Sleep" library="BuiltIn">
<doc>Pauses the test executed for the given time.</doc>
<arguments>
<arg>1s</arg>
</arguments>
<msg timestamp="20210507 22:22:22.034" level="INFO">Slept 1 second</msg>
<status status="PASS" starttime="20210507 22:22:21.019" endtime="20210507 22:22:22.034"></status>
</kw>
<kw name="Click Element" library="SeleniumLibrary">
<doc>Click the element identified by ``locator``.</doc>
<arguments>
<arg>//*[@id="product"]//*[@label="Imobiliar Casa Ta"]</arg>
</arguments>
<msg timestamp="20210507 22:22:22.037" level="INFO">Clicking element '//*[@id="product"]//*[@label="Imobiliar Casa Ta"]'.</msg>
<status status="PASS" starttime="20210507 22:22:22.036" endtime="20210507 22:22:22.103"></status>
</kw>
<kw name="Sleep" library="BuiltIn">
<doc>Pauses the test executed for the given time.</doc>
<arguments>
<arg>1s</arg>
</arguments>
<msg timestamp="20210507 22:22:23.120" level="INFO">Slept 1 second</msg>
<status status="PASS" starttime="20210507 22:22:22.104" endtime="20210507 22:22:23.120"></status>
</kw>
<kw name="Click Element" library="SeleniumLibrary">
<doc>Click the element identified by ``locator``.</doc>
<arguments>
<arg>${InputAmount}</arg>
</arguments>
<msg timestamp="20210507 22:22:23.120" level="INFO">Clicking element '//*[@data-tool-element-id="requestedAmmount"]'.</msg>
<status status="PASS" starttime="20210507 22:22:23.120" endtime="20210507 22:22:23.194"></status>
</kw>
<kw name="Enter Value For First" library="InputValue39">
<status status="PASS" starttime="20210507 22:22:23.195" endtime="20210507 22:22:23.843"></status>
</kw>
<kw name="Raiffeisen Enter Value for Ipotecar">
<kw name="Sleep" library="BuiltIn">
<doc>Pauses the test executed for the given time.</doc>
<arguments>
<arg>1s</arg>
</arguments>
<msg timestamp="20210507 22:22:24.856" level="INFO">Slept 1 second</msg>
<status status="PASS" starttime="20210507 22:22:23.844" endtime="20210507 22:22:24.856"></status>
</kw>
<kw name="Get Text" library="SeleniumLibrary">
<doc>Returns the text value of the element identified by ``locator``.</doc>
<arguments>
<arg>${DobandaRaiff}</arg>
</arguments>
<assign>
<var>${DobandaPA}</var>
</assign>
<msg timestamp="20210507 22:22:24.871" level="INFO">${DobandaPA} = 4,67 %</msg>
<status status="PASS" starttime="20210507 22:22:24.856" endtime="20210507 22:22:24.871"></status>
</kw>
<kw name="Replace String" library="String">
<doc>Replaces ``search_for`` in the given ``string`` with ``replace_with``.</doc>
<arguments>
<arg>${DobandaPA}</arg>
<arg>,</arg>
<arg>.</arg>
</arguments>
<assign>
<var>${DobandaPA}</var>
</assign>
<msg timestamp="20210507 22:22:24.871" level="INFO">${DobandaPA} = 4.67 %</msg>
<status status="PASS" starttime="20210507 22:22:24.871" endtime="20210507 22:22:24.871"></status>
</kw>
<kw name="Fetch From Left" library="String">
<doc>Returns contents of the ``string`` before the first occurrence of ``marker``.</doc>
<arguments>
<arg>${DobandaPA}</arg>
<arg>%</arg>
</arguments>
<assign>
<var>${DobandaPA}</var>
</assign>
<msg timestamp="20210507 22:22:24.871" level="INFO">${DobandaPA} = 4.67 </msg>
<status status="PASS" starttime="20210507 22:22:24.871" endtime="20210507 22:22:24.871"></status>
</kw>
<kw name="Convert To Number" library="BuiltIn">
<doc>Converts the given item to a floating point number.</doc>
<arguments>
<arg>${DobandaPA}</arg>
</arguments>
<assign>
<var>${DobandaPA}</var>
</assign>
<msg timestamp="20210507 22:22:24.871" level="INFO">${DobandaPA} = 4.67</msg>
<status status="PASS" starttime="20210507 22:22:24.871" endtime="20210507 22:22:24.871"></status>
</kw>
<kw name="Set Global Variable" library="BuiltIn">
<doc>Makes a variable available globally in all tests and suites.</doc>
<arguments>
<arg>${DobandaPA}</arg>
<arg>${DobandaPA}</arg>
</arguments>
<msg timestamp="20210507 22:22:24.871" level="INFO">${DobandaPA} = 4.67</msg>
<status status="PASS" starttime="20210507 22:22:24.871" endtime="20210507 22:22:24.871"></status>
</kw>
<kw name="Get Text" library="SeleniumLibrary">
<doc>Returns the text value of the element identified by ``locator``.</doc>
<arguments>
<arg>${DAERaiff}</arg>
</arguments>
<assign>
<var>${DAE_PA}</var>
</assign>
<msg timestamp="20210507 22:22:24.902" level="INFO">${DAE_PA} = 5,14 %</msg>
<status status="PASS" starttime="20210507 22:22:24.871" endtime="20210507 22:22:24.902"></status>
</kw>
<kw name="Replace String" library="String">
<doc>Replaces ``search_for`` in the given ``string`` with ``replace_with``.</doc>
<arguments>
<arg>${DAE_PA}</arg>
<arg>,</arg>
<arg>.</arg>
</arguments>
<assign>
<var>${DAE_PA}</var>
</assign>
<msg timestamp="20210507 22:22:24.902" level="INFO">${DAE_PA} = 5.14 %</msg>
<status status="PASS" starttime="20210507 22:22:24.902" endtime="20210507 22:22:24.902"></status>
</kw>
<kw name="Fetch From Left" library="String">
<doc>Returns contents of the ``string`` before the first occurrence of ``marker``.</doc>
<arguments>
<arg>${DAE_PA}</arg>
<arg>%</arg>
</arguments>
<assign>
<var>${DAE_PA}</var>
</assign>
<msg timestamp="20210507 22:22:24.902" level="INFO">${DAE_PA} = 5.14 </msg>
<status status="PASS" starttime="20210507 22:22:24.902" endtime="20210507 22:22:24.902"></status>
</kw>
<kw name="Convert To Number" library="BuiltIn">
<doc>Converts the given item to a floating point number.</doc>
<arguments>
<arg>${DAE_PA}</arg>
</arguments>
<assign>
<var>${DAE_PA}</var>
</assign>
<msg timestamp="20210507 22:22:24.902" level="INFO">${DAE_PA} = 5.14</msg>
<status status="PASS" starttime="20210507 22:22:24.902" endtime="20210507 22:22:24.902"></status>
</kw>
<kw name="Set Global Variable" library="BuiltIn">
<doc>Makes a variable available globally in all tests and suites.</doc>
<arguments>
<arg>${DAE_PA}</arg>
<arg>${DAE_PA}</arg>
</arguments>
<msg timestamp="20210507 22:22:24.902" level="INFO">${DAE_PA} = 5.14</msg>
<status status="PASS" starttime="20210507 22:22:24.902" endtime="20210507 22:22:24.902"></status>
</kw>
<kw name="Get Text" library="SeleniumLibrary">
<doc>Returns the text value of the element identified by ``locator``.</doc>
<arguments>
<arg>${RataLunaraRaiff}</arg>
</arguments>
<assign>
<var>${PrimaRata}</var>
</assign>
<msg timestamp="20210507 22:22:24.934" level="INFO">${PrimaRata} = 2.020 Lei</msg>
<status status="PASS" starttime="20210507 22:22:24.902" endtime="20210507 22:22:24.934"></status>
</kw>
<kw name="Replace String" library="String">
<doc>Replaces ``search_for`` in the given ``string`` with ``replace_with``.</doc>
<arguments>
<arg>${PrimaRata}</arg>
<arg>.</arg>
<arg>${EMPTY}</arg>
</arguments>
<assign>
<var>${PrimaRata}</var>
</assign>
<msg timestamp="20210507 22:22:24.934" level="INFO">${PrimaRata} = 2020 Lei</msg>
<status status="PASS" starttime="20210507 22:22:24.934" endtime="20210507 22:22:24.934"></status>
</kw>
<kw name="Fetch From Left" library="String">
<doc>Returns contents of the ``string`` before the first occurrence of ``marker``.</doc>
<arguments>
<arg>${PrimaRata}</arg>
<arg>Lei</arg>
</arguments>
<assign>
<var>${PrimaRata}</var>
</assign>
<msg timestamp="20210507 22:22:24.934" level="INFO">${PrimaRata} = 2020 </msg>
<status status="PASS" starttime="20210507 22:22:24.934" endtime="20210507 22:22:24.934"></status>
</kw>
<kw name="Convert To Number" library="BuiltIn">
<doc>Converts the given item to a floating point number.</doc>
<arguments>
<arg>${PrimaRata}</arg>
</arguments>
<assign>
<var>${PrimaRata}</var>
</assign>
<msg timestamp="20210507 22:22:24.934" level="INFO">${PrimaRata} = 2020.0</msg>
<status status="PASS" starttime="20210507 22:22:24.934" endtime="20210507 22:22:24.934"></status>
</kw>
<kw name="Set Global Variable" library="BuiltIn">
<doc>Makes a variable available globally in all tests and suites.</doc>
<arguments>
<arg>${PrimaRata}</arg>
<arg>${PrimaRata}</arg>
</arguments>
<msg timestamp="20210507 22:22:24.934" level="INFO">${PrimaRata} = 2020.0</msg>
<status status="PASS" starttime="20210507 22:22:24.934" endtime="20210507 22:22:24.934"></status>
</kw>
<kw name="Get Text" library="SeleniumLibrary">
<doc>Returns the text value of the element identified by ``locator``.</doc>
<arguments>
<arg>${TotalRaiff}</arg>
</arguments>
<assign>
<var>${RambursTotal}</var>
</assign>
<msg timestamp="20210507 22:22:24.949" level="INFO">${RambursTotal} = 754.331 Lei</msg>
<status status="PASS" starttime="20210507 22:22:24.934" endtime="20210507 22:22:24.949"></status>
</kw>
<kw name="Replace String" library="String">
<doc>Replaces ``search_for`` in the given ``string`` with ``replace_with``.</doc>
<arguments>
<arg>${RambursTotal}</arg>
<arg>.</arg>
<arg>${EMPTY}</arg>
</arguments>
<assign>
<var>${RambursTotal}</var>
</assign>
<msg timestamp="20210507 22:22:24.949" level="INFO">${RambursTotal} = 754331 Lei</msg>
<status status="PASS" starttime="20210507 22:22:24.949" endtime="20210507 22:22:24.965"></status>
</kw>
<kw name="Fetch From Left" library="String">
<doc>Returns contents of the ``string`` before the first occurrence of ``marker``.</doc>
<arguments>
<arg>${RambursTotal}</arg>
<arg>Lei</arg>
</arguments>
<assign>
<var>${RambursTotal}</var>
</assign>
<msg timestamp="20210507 22:22:24.965" level="INFO">${RambursTotal} = 754331 </msg>
<status status="PASS" starttime="20210507 22:22:24.965" endtime="20210507 22:22:24.965"></status>
</kw>
<kw name="Convert To Number" library="BuiltIn">
<doc>Converts the given item to a floating point number.</doc>
<arguments>
<arg>${RambursTotal}</arg>
</arguments>
<assign>
<var>${RambursTotal}</var>
</assign>
<msg timestamp="20210507 22:22:24.965" level="INFO">${RambursTotal} = 754331.0</msg>
<status status="PASS" starttime="20210507 22:22:24.965" endtime="20210507 22:22:24.965"></status>
</kw>
<kw name="Set Global Variable" library="BuiltIn">
<doc>Makes a variable available globally in all tests and suites.</doc>
<arguments>
<arg>${RambursTotal}</arg>
<arg>${RambursTotal}</arg>
</arguments>
<msg timestamp="20210507 22:22:24.965" level="INFO">${RambursTotal} = 754331.0</msg>
<status status="PASS" starttime="20210507 22:22:24.965" endtime="20210507 22:22:24.965"></status>
</kw>
<status status="PASS" starttime="20210507 22:22:23.844" endtime="20210507 22:22:24.965"></status>
</kw>
<kw name="Click Element" library="SeleniumLibrary">
<doc>Click the element identified by ``locator``.</doc>
<arguments>
<arg>//*[@id="product"]//*[@label="Imobiliar Prima Casa"]</arg>
</arguments>
<msg timestamp="20210507 22:22:24.965" level="INFO">Clicking element '//*[@id="product"]//*[@label="Imobiliar Prima Casa"]'.</msg>
<status status="PASS" starttime="20210507 22:22:24.965" endtime="20210507 22:22:25.022"></status>
</kw>
<kw name="Sleep" library="BuiltIn">
<doc>Pauses the test executed for the given time.</doc>
<arguments>
<arg>1s</arg>
</arguments>
<msg timestamp="20210507 22:22:26.033" level="INFO">Slept 1 second</msg>
<status status="PASS" starttime="20210507 22:22:25.023" endtime="20210507 22:22:26.033"></status>
</kw>
<kw name="Click Element" library="SeleniumLibrary">
<doc>Click the element identified by ``locator``.</doc>
<arguments>
<arg>${InputAmount}</arg>
</arguments>
<msg timestamp="20210507 22:22:26.033" level="INFO">Clicking element '//*[@data-tool-element-id="requestedAmmount"]'.</msg>
<status status="PASS" starttime="20210507 22:22:26.033" endtime="20210507 22:22:26.079"></status>
</kw>
<kw name="Enter Value For First" library="InputValue39">
<status status="PASS" starttime="20210507 22:22:26.080" endtime="20210507 22:22:26.725"></status>
</kw>
<kw name="Sleep" library="BuiltIn">
<doc>Pauses the test executed for the given time.</doc>
<arguments>
<arg>1s</arg>
</arguments>
<msg timestamp="20210507 22:22:27.730" level="INFO">Slept 1 second</msg>
<status status="PASS" starttime="20210507 22:22:26.725" endtime="20210507 22:22:27.730"></status>
</kw>
<kw name="Raiffeisen Enter Value for Prima Casa">
<kw name="Get Text" library="SeleniumLibrary">
<doc>Returns the text value of the element identified by ``locator``.</doc>
<arguments>
<arg>//*[@id="pannel-to-show-rent"]/*[@class="row full"]//h2[contains(text(),'%')]</arg>
</arguments>
<assign>
<var>${PC_DobandaPA}</var>
</assign>
<msg timestamp="20210507 22:22:27.758" level="INFO">${PC_DobandaPA} = 3,67 %</msg>
<status status="PASS" starttime="20210507 22:22:27.731" endtime="20210507 22:22:27.758"></status>
</kw>
<kw name="Replace String" library="String">
<doc>Replaces ``search_for`` in the given ``string`` with ``replace_with``.</doc>
<arguments>
<arg>${PC_DobandaPA}</arg>
<arg>,</arg>
<arg>.</arg>
</arguments>
<assign>
<var>${PC_DobandaPA}</var>
</assign>
<msg timestamp="20210507 22:22:27.759" level="INFO">${PC_DobandaPA} = 3.67 %</msg>
<status status="PASS" starttime="20210507 22:22:27.758" endtime="20210507 22:22:27.759"></status>
</kw>
<kw name="Fetch From Left" library="String">
<doc>Returns contents of the ``string`` before the first occurrence of ``marker``.</doc>
<arguments>
<arg>${PC_DobandaPA}</arg>
<arg>%</arg>
</arguments>
<assign>
<var>${PC_DobandaPA}</var>
</assign>
<msg timestamp="20210507 22:22:27.759" level="INFO">${PC_DobandaPA} = 3.67 </msg>
<status status="PASS" starttime="20210507 22:22:27.759" endtime="20210507 22:22:27.759"></status>
</kw>
<kw name="Convert To Number" library="BuiltIn">
<doc>Converts the given item to a floating point number.</doc>
<arguments>
<arg>${PC_DobandaPA}</arg>
</arguments>
<assign>
<var>${PC_DobandaPA}</var>
</assign>
<msg timestamp="20210507 22:22:27.760" level="INFO">${PC_DobandaPA} = 3.67</msg>
<status status="PASS" starttime="20210507 22:22:27.759" endtime="20210507 22:22:27.760"></status>
</kw>
<kw name="Set Global Variable" library="BuiltIn">
<doc>Makes a variable available globally in all tests and suites.</doc>
<arguments>
<arg>${PC_DobandaPA}</arg>
<arg>${PC_DobandaPA}</arg>
</arguments>
<msg timestamp="20210507 22:22:27.760" level="INFO">${PC_DobandaPA} = 3.67</msg>
<status status="PASS" starttime="20210507 22:22:27.760" endtime="20210507 22:22:27.760"></status>
</kw>
<kw name="Get Text" library="SeleniumLibrary">
<doc>Returns the text value of the element identified by ``locator``.</doc>
<arguments>
<arg>//*[@id="pannel-to-show-rent"]/*[@class="row full"]//div[contains(text(),'%')]</arg>
</arguments>
<assign>
<var>${PC_DAE_PA}</var>
</assign>
<msg timestamp="20210507 22:22:27.771" level="INFO">${PC_DAE_PA} = 3,90 %</msg>
<status status="PASS" starttime="20210507 22:22:27.760" endtime="20210507 22:22:27.771"></status>
</kw>
<kw name="Replace String" library="String">
<doc>Replaces ``search_for`` in the given ``string`` with ``replace_with``.</doc>
<arguments>
<arg>${PC_DAE_PA}</arg>
<arg>,</arg>
<arg>.</arg>
</arguments>
<assign>
<var>${PC_DAE_PA}</var>
</assign>
<msg timestamp="20210507 22:22:27.771" level="INFO">${PC_DAE_PA} = 3.90 %</msg>
<status status="PASS" starttime="20210507 22:22:27.771" endtime="20210507 22:22:27.771"></status>
</kw>
<kw name="Fetch From Left" library="String">
<doc>Returns contents of the ``string`` before the first occurrence of ``marker``.</doc>
<arguments>
<arg>${PC_DAE_PA}</arg>
<arg>%</arg>
</arguments>
<assign>
<var>${PC_DAE_PA}</var>
</assign>
<msg timestamp="20210507 22:22:27.771" level="INFO">${PC_DAE_PA} = 3.90 </msg>
<status status="PASS" starttime="20210507 22:22:27.771" endtime="20210507 22:22:27.771"></status>
</kw>
<kw name="Convert To Number" library="BuiltIn">
<doc>Converts the given item to a floating point number.</doc>
<arguments>
<arg>${PC_DAE_PA}</arg>
</arguments>
<assign>
<var>${PC_DAE_PA}</var>
</assign>
<msg timestamp="20210507 22:22:27.771" level="INFO">${PC_DAE_PA} = 3.9</msg>
<status status="PASS" starttime="20210507 22:22:27.771" endtime="20210507 22:22:27.771"></status>
</kw>
<kw name="Set Global Variable" library="BuiltIn">
<doc>Makes a variable available globally in all tests and suites.</doc>
<arguments>
<arg>${PC_DAE_PA}</arg>
<arg>${PC_DAE_PA}</arg>
</arguments>
<msg timestamp="20210507 22:22:27.771" level="INFO">${PC_DAE_PA} = 3.9</msg>
<status status="PASS" starttime="20210507 22:22:27.771" endtime="20210507 22:22:27.771"></status>
</kw>
<kw name="Get Text" library="SeleniumLibrary">
<doc>Returns the text value of the element identified by ``locator``.</doc>
<arguments>
<arg>//*[@id="pannel-to-show-rent"]/*[@class="row full"]//div[contains(text(),'Lei')][1]</arg>
</arguments>
<assign>
<var>${PC_PrimaRata}</var>
</assign>
<msg timestamp="20210507 22:22:27.815" level="INFO">${PC_PrimaRata} = 1.788 Lei</msg>
<status status="PASS" starttime="20210507 22:22:27.771" endtime="20210507 22:22:27.815"></status>
</kw>
<kw name="Replace String" library="String">
<doc>Replaces ``search_for`` in the given ``string`` with ``replace_with``.</doc>
<arguments>
<arg>${PC_PrimaRata}</arg>
<arg>.</arg>
<arg>${EMPTY}</arg>
</arguments>
<assign>
<var>${PC_PrimaRata}</var>
</assign>
<msg timestamp="20210507 22:22:27.815" level="INFO">${PC_PrimaRata} = 1788 Lei</msg>
<status status="PASS" starttime="20210507 22:22:27.815" endtime="20210507 22:22:27.815"></status>
</kw>
<kw name="Fetch From Left" library="String">
<doc>Returns contents of the ``string`` before the first occurrence of ``marker``.</doc>
<arguments>
<arg>${PC_PrimaRata}</arg>
<arg>Lei</arg>
</arguments>
<assign>
<var>${PC_PrimaRata}</var>
</assign>
<msg timestamp="20210507 22:22:27.815" level="INFO">${PC_PrimaRata} = 1788 </msg>
<status status="PASS" starttime="20210507 22:22:27.815" endtime="20210507 22:22:27.815"></status>
</kw>
<kw name="Convert To Number" library="BuiltIn">
<doc>Converts the given item to a floating point number.</doc>
<arguments>
<arg>${PC_PrimaRata}</arg>
</arguments>
<assign>
<var>${PC_PrimaRata}</var>
</assign>
<msg timestamp="20210507 22:22:27.815" level="INFO">${PC_PrimaRata} = 1788.0</msg>
<status status="PASS" starttime="20210507 22:22:27.815" endtime="20210507 22:22:27.815"></status>
</kw>
<kw name="Set Global Variable" library="BuiltIn">
<doc>Makes a variable available globally in all tests and suites.</doc>
<arguments>
<arg>${PC_PrimaRata}</arg>
<arg>${PC_PrimaRata}</arg>
</arguments>
<msg timestamp="20210507 22:22:27.815" level="INFO">${PC_PrimaRata} = 1788.0</msg>
<status status="PASS" starttime="20210507 22:22:27.815" endtime="20210507 22:22:27.815"></status>
</kw>
<kw name="Get Text" library="SeleniumLibrary">
<doc>Returns the text value of the element identified by ``locator``.</doc>
<arguments>
<arg>//div[contains(text(),'Lei')][1]</arg>
</arguments>
<assign>
<var>${PC_RambursTotal}</var>
</assign>
<msg timestamp="20210507 22:22:27.830" level="INFO">${PC_RambursTotal} = 1.788 Lei</msg>
<status status="PASS" starttime="20210507 22:22:27.815" endtime="20210507 22:22:27.830"></status>
</kw>
<kw name="Replace String" library="String">
<doc>Replaces ``search_for`` in the given ``string`` with ``replace_with``.</doc>
<arguments>
<arg>${PC_RambursTotal}</arg>
<arg>.</arg>
<arg>${EMPTY}</arg>
</arguments>
<assign>
<var>${PC_RambursTotal}</var>
</assign>
<msg timestamp="20210507 22:22:27.830" level="INFO">${PC_RambursTotal} = 1788 Lei</msg>
<status status="PASS" starttime="20210507 22:22:27.830" endtime="20210507 22:22:27.830"></status>
</kw>
<kw name="Fetch From Left" library="String">
<doc>Returns contents of the ``string`` before the first occurrence of ``marker``.</doc>
<arguments>
<arg>${PC_RambursTotal}</arg>
<arg>Lei</arg>
</arguments>
<assign>
<var>${PC_RambursTotal}</var>
</assign>
<msg timestamp="20210507 22:22:27.830" level="INFO">${PC_RambursTotal} = 1788 </msg>
<status status="PASS" starttime="20210507 22:22:27.830" endtime="20210507 22:22:27.830"></status>
</kw>
<kw name="Convert To Number" library="BuiltIn">
<doc>Converts the given item to a floating point number.</doc>
<arguments>
<arg>${PC_RambursTotal}</arg>
</arguments>
<assign>
<var>${PC_RambursTotal}</var>
</assign>
<msg timestamp="20210507 22:22:27.830" level="INFO">${PC_RambursTotal} = 1788.0</msg>
<status status="PASS" starttime="20210507 22:22:27.830" endtime="20210507 22:22:27.830"></status>
</kw>
<kw name="Set Global Variable" library="BuiltIn">
<doc>Makes a variable available globally in all tests and suites.</doc>
<arguments>
<arg>${PC_RambursTotal}</arg>
<arg>${PC_RambursTotal}</arg>
</arguments>
<msg timestamp="20210507 22:22:27.830" level="INFO">${PC_RambursTotal} = 1788.0</msg>
<status status="PASS" starttime="20210507 22:22:27.830" endtime="20210507 22:22:27.830"></status>
</kw>
<status status="PASS" starttime="20210507 22:22:27.731" endtime="20210507 22:22:27.830"></status>
</kw>
<kw name="Close Browser" library="SeleniumLibrary">
<doc>Closes the current browser.</doc>
<status status="PASS" starttime="20210507 22:22:27.830" endtime="20210507 22:22:30.055"></status>
</kw>
<status status="PASS" starttime="20210507 22:22:14.686" endtime="20210507 22:22:30.055" critical="yes"></status>
</test>
<test id="s1-t8" name="BRD First">
<kw name="Open Browser" library="SeleniumLibrary">
<doc>Opens a new browser instance to the optional ``url``.</doc>
<arguments>
<arg>https://www.brd.ro/calculatoare/calculatoare-de-credit/calculator-de-credit?filter=imobiliare</arg>
<arg>Chrome</arg>
</arguments>
<msg timestamp="20210507 22:22:30.064" level="INFO">Opening browser 'Chrome' to base url 'https://www.brd.ro/calculatoare/calculatoare-de-credit/calculator-de-credit?filter=imobiliare'.</msg>
<status status="PASS" starttime="20210507 22:22:30.064" endtime="20210507 22:22:31.648"></status>
</kw>
<kw name="Maximize Browser Window" library="SeleniumLibrary">
<doc>Maximizes current browser window.</doc>
<status status="PASS" starttime="20210507 22:22:31.649" endtime="20210507 22:22:31.781"></status>
</kw>
<kw name="Sleep" library="BuiltIn">
<doc>Pauses the test executed for the given time.</doc>
<arguments>
<arg>3s</arg>
</arguments>
<msg timestamp="20210507 22:22:34.794" level="INFO">Slept 3 seconds</msg>
<status status="PASS" starttime="20210507 22:22:31.782" endtime="20210507 22:22:34.794"></status>
</kw>
<kw name="Click Element" library="SeleniumLibrary">
<doc>Click the element identified by ``locator``.</doc>
<arguments>
<arg>//*[@class="cookie-consent-btn-action-preview cookie-consent-block"]</arg>
</arguments>
<msg timestamp="20210507 22:22:34.794" level="INFO">Clicking element '//*[@class="cookie-consent-btn-action-preview cookie-consent-block"]'.</msg>
<kw name="Capture Page Screenshot" library="SeleniumLibrary">
<doc>Takes a screenshot of the current page and embeds it into a log file.</doc>
<msg timestamp="20210507 22:22:34.934" level="INFO" html="yes">&lt;/td&gt;&lt;/tr&gt;&lt;tr&gt;&lt;td colspan="3"&gt;&lt;a href="selenium-screenshot-1.png"&gt;&lt;img src="selenium-screenshot-1.png" width="800px"&gt;&lt;/a&gt;</msg>
<status status="PASS" starttime="20210507 22:22:34.798" endtime="20210507 22:22:34.934"></status>
</kw>
<msg timestamp="20210507 22:22:34.934" level="FAIL">Element with locator '//*[@class="cookie-consent-btn-action-preview cookie-consent-block"]' not found.</msg>
<status status="FAIL" starttime="20210507 22:22:34.794" endtime="20210507 22:22:34.934"></status>
</kw>
<status status="FAIL" starttime="20210507 22:22:30.063" endtime="20210507 22:22:34.934" critical="yes">Element with locator '//*[@class="cookie-consent-btn-action-preview cookie-consent-block"]' not found.</status>
</test>
<test id="s1-t9" name="BCR First">
<kw name="Open Browser" library="SeleniumLibrary">
<doc>Opens a new browser instance to the optional ``url``.</doc>
<arguments>
<arg>https://calculator-rate-credit.bcr.ro/#results_div</arg>
<arg>Chrome</arg>
</arguments>
<msg timestamp="20210507 22:22:34.950" level="INFO">Opening browser 'Chrome' to base url 'https://calculator-rate-credit.bcr.ro/#results_div'.</msg>
<status status="PASS" starttime="20210507 22:22:34.950" endtime="20210507 22:22:36.590"></status>
</kw>
<kw name="Maximize Browser Window" library="SeleniumLibrary">
<doc>Maximizes current browser window.</doc>
<status status="PASS" starttime="20210507 22:22:36.591" endtime="20210507 22:22:36.707"></status>
</kw>
<kw name="Sleep" library="BuiltIn">
<doc>Pauses the test executed for the given time.</doc>
<arguments>
<arg>2s</arg>
</arguments>
<msg timestamp="20210507 22:22:38.722" level="INFO">Slept 2 seconds</msg>
<status status="PASS" starttime="20210507 22:22:36.707" endtime="20210507 22:22:38.722"></status>
</kw>
<kw name="Click Element" library="SeleniumLibrary">
<doc>Click the element identified by ``locator``.</doc>
<arguments>
<arg>//*[@id="MainContent_tip_credit"]//*[@value="1"]</arg>
</arguments>
<msg timestamp="20210507 22:22:38.723" level="INFO">Clicking element '//*[@id="MainContent_tip_credit"]//*[@value="1"]'.</msg>
<status status="PASS" starttime="20210507 22:22:38.723" endtime="20210507 22:22:38.767"></status>
</kw>
<kw name="Sleep" library="BuiltIn">
<doc>Pauses the test executed for the given time.</doc>
<arguments>
<arg>1s</arg>
</arguments>
<msg timestamp="20210507 22:22:39.777" level="INFO">Slept 1 second</msg>
<status status="PASS" starttime="20210507 22:22:38.768" endtime="20210507 22:22:39.777"></status>
</kw>
<kw name="Click Element" library="SeleniumLibrary">
<doc>Click the element identified by ``locator``.</doc>
<arguments>
<arg>//*[@id="tip_produs"]//*[@value="6"]</arg>
</arguments>
<msg timestamp="20210507 22:22:39.777" level="INFO">Clicking element '//*[@id="tip_produs"]//*[@value="6"]'.</msg>
<status status="PASS" starttime="20210507 22:22:39.777" endtime="20210507 22:22:39.811"></status>
</kw>
<kw name="Click Element" library="SeleniumLibrary">
<doc>Click the element identified by ``locator``.</doc>
<arguments>
<arg>//*[@id="currency"]//*[@value="RON"]</arg>
</arguments>
<msg timestamp="20210507 22:22:39.812" level="INFO">Clicking element '//*[@id="currency"]//*[@value="RON"]'.</msg>
<status status="PASS" starttime="20210507 22:22:39.812" endtime="20210507 22:22:39.853"></status>
</kw>
<kw name="Sleep" library="BuiltIn">
<doc>Pauses the test executed for the given time.</doc>
<arguments>
<arg>1s</arg>
</arguments>
<msg timestamp="20210507 22:22:40.866" level="INFO">Slept 1 second</msg>
<status status="PASS" starttime="20210507 22:22:39.854" endtime="20210507 22:22:40.866"></status>
</kw>
<kw name="Click Element" library="SeleniumLibrary">
<doc>Click the element identified by ``locator``.</doc>
<arguments>
<arg>//*[@id="tip_dobanda"]//*[@value="Fixa pentru 10 ani apoi variabila"]</arg>
</arguments>
<msg timestamp="20210507 22:22:40.866" level="INFO">Clicking element '//*[@id="tip_dobanda"]//*[@value="Fixa pentru 10 ani apoi variabila"]'.</msg>
<status status="PASS" starttime="20210507 22:22:40.866" endtime="20210507 22:22:40.925"></status>
</kw>
<kw name="Click Element" library="SeleniumLibrary">
<doc>Click the element identified by ``locator``.</doc>
<arguments>
<arg>//*[@id="client_s"]//*[@value="1"]</arg>
</arguments>
<msg timestamp="20210507 22:22:40.927" level="INFO">Clicking element '//*[@id="client_s"]//*[@value="1"]'.</msg>
<status status="PASS" starttime="20210507 22:22:40.927" endtime="20210507 22:22:41.001"></status>
</kw>
<kw name="Sleep" library="BuiltIn">
<doc>Pauses the test executed for the given time.</doc>
<arguments>
<arg>1s</arg>
</arguments>
<msg timestamp="20210507 22:22:42.010" level="INFO">Slept 1 second</msg>
<status status="PASS" starttime="20210507 22:22:41.001" endtime="20210507 22:22:42.010"></status>
</kw>
<kw name="Click Element" library="SeleniumLibrary">
<doc>Click the element identified by ``locator``.</doc>
<arguments>
<arg>//*[@id="val_credit"]</arg>
</arguments>
<msg timestamp="20210507 22:22:42.010" level="INFO">Clicking element '//*[@id="val_credit"]'.</msg>
<status status="PASS" starttime="20210507 22:22:42.010" endtime="20210507 22:22:42.072"></status>
</kw>
<kw name="Enter Value For First" library="InputValue39">
<status status="PASS" starttime="20210507 22:22:42.073" endtime="20210507 22:22:42.718"></status>
</kw>
<kw name="Click Element" library="SeleniumLibrary">
<doc>Click the element identified by ``locator``.</doc>
<arguments>
<arg>//*[@id="val_perioada"]</arg>
</arguments>
<msg timestamp="20210507 22:22:42.718" level="INFO">Clicking element '//*[@id="val_perioada"]'.</msg>
<status status="PASS" starttime="20210507 22:22:42.718" endtime="20210507 22:22:42.770"></status>
</kw>
<kw name="Enter Period" library="InputValue360">
<status status="PASS" starttime="20210507 22:22:42.771" endtime="20210507 22:22:43.431"></status>
</kw>
<kw name="Sleep" library="BuiltIn">
<doc>Pauses the test executed for the given time.</doc>
<arguments>
<arg>3s</arg>
</arguments>
<msg timestamp="20210507 22:22:46.440" level="INFO">Slept 3 seconds</msg>
<status status="PASS" starttime="20210507 22:22:43.431" endtime="20210507 22:22:46.440"></status>
</kw>
<kw name="BCR Enter Value">
<kw name="Get Text" library="SeleniumLibrary">
<doc>Returns the text value of the element identified by ``locator``.</doc>
<arguments>
<arg>//*[@id="rata_preview"]</arg>
</arguments>
<assign>
<var>${Rata_BCR}</var>
</assign>
<msg timestamp="20210507 22:22:46.461" level="INFO">${Rata_BCR} = Rată lunară: 2.244,20</msg>
<status status="PASS" starttime="20210507 22:22:46.440" endtime="20210507 22:22:46.461"></status>
</kw>
<kw name="Replace String" library="String">
<doc>Replaces ``search_for`` in the given ``string`` with ``replace_with``.</doc>
<arguments>
<arg>${Rata_BCR}</arg>
<arg>.</arg>
<arg>${EMPTY}</arg>
</arguments>
<assign>
<var>${Rata_BCR}</var>
</assign>
<msg timestamp="20210507 22:22:46.461" level="INFO">${Rata_BCR} = Rată lunară: 2244,20</msg>
<status status="PASS" starttime="20210507 22:22:46.461" endtime="20210507 22:22:46.461"></status>
</kw>
<kw name="Replace String" library="String">
<doc>Replaces ``search_for`` in the given ``string`` with ``replace_with``.</doc>
<arguments>
<arg>${Rata_BCR}</arg>
<arg>,</arg>
<arg>.</arg>
</arguments>
<assign>
<var>${Rata_BCR}</var>
</assign>
<msg timestamp="20210507 22:22:46.461" level="INFO">${Rata_BCR} = Rată lunară: 2244.20</msg>
<status status="PASS" starttime="20210507 22:22:46.461" endtime="20210507 22:22:46.461"></status>
</kw>
<kw name="Fetch From Right" library="String">
<doc>Returns contents of the ``string`` after the last occurrence of ``marker``.</doc>
<arguments>
<arg>${Rata_BCR}</arg>
<arg>:</arg>
</arguments>
<assign>
<var>${Rata_BCR}</var>
</assign>
<msg timestamp="20210507 22:22:46.461" level="INFO">${Rata_BCR} =  2244.20</msg>
<status status="PASS" starttime="20210507 22:22:46.461" endtime="20210507 22:22:46.461"></status>
</kw>
<kw name="Convert To Number" library="BuiltIn">
<doc>Converts the given item to a floating point number.</doc>
<arguments>
<arg>${Rata_BCR}</arg>
</arguments>
<assign>
<var>${Rata_BCR}</var>
</assign>
<msg timestamp="20210507 22:22:46.461" level="INFO">${Rata_BCR} = 2244.2</msg>
<status status="PASS" starttime="20210507 22:22:46.461" endtime="20210507 22:22:46.461"></status>
</kw>
<kw name="Set Global Variable" library="BuiltIn">
<doc>Makes a variable available globally in all tests and suites.</doc>
<arguments>
<arg>${Rata_BCR}</arg>
<arg>${Rata_BCR}</arg>
</arguments>
<msg timestamp="20210507 22:22:46.461" level="INFO">${Rata_BCR} = 2244.2</msg>
<status status="PASS" starttime="20210507 22:22:46.461" endtime="20210507 22:22:46.461"></status>
</kw>
<kw name="Get Text" library="SeleniumLibrary">
<doc>Returns the text value of the element identified by ``locator``.</doc>
<arguments>
<arg>//*[@id="dae_preview"]</arg>
</arguments>
<assign>
<var>${DAE_BCR}</var>
</assign>
<msg timestamp="20210507 22:22:46.492" level="INFO">${DAE_BCR} = Valoare DAE: 5,79%</msg>
<status status="PASS" starttime="20210507 22:22:46.461" endtime="20210507 22:22:46.492"></status>
</kw>
<kw name="Fetch From Left" library="String">
<doc>Returns contents of the ``string`` before the first occurrence of ``marker``.</doc>
<arguments>
<arg>${DAE_BCR}</arg>
<arg>%</arg>
</arguments>
<assign>
<var>${DAE_BCR}</var>
</assign>
<msg timestamp="20210507 22:22:46.492" level="INFO">${DAE_BCR} = Valoare DAE: 5,79</msg>
<status status="PASS" starttime="20210507 22:22:46.492" endtime="20210507 22:22:46.492"></status>
</kw>
<kw name="Fetch From Right" library="String">
<doc>Returns contents of the ``string`` after the last occurrence of ``marker``.</doc>
<arguments>
<arg>${DAE_BCR}</arg>
<arg>:</arg>
</arguments>
<assign>
<var>${DAE_BCR}</var>
</assign>
<msg timestamp="20210507 22:22:46.492" level="INFO">${DAE_BCR} =  5,79</msg>
<status status="PASS" starttime="20210507 22:22:46.492" endtime="20210507 22:22:46.492"></status>
</kw>
<kw name="Replace String" library="String">
<doc>Replaces ``search_for`` in the given ``string`` with ``replace_with``.</doc>
<arguments>
<arg>${DAE_BCR}</arg>
<arg>,</arg>
<arg>.</arg>
</arguments>
<assign>
<var>${DAE_BCR}</var>
</assign>
<msg timestamp="20210507 22:22:46.492" level="INFO">${DAE_BCR} =  5.79</msg>
<status status="PASS" starttime="20210507 22:22:46.492" endtime="20210507 22:22:46.492"></status>
</kw>
<kw name="Convert To Number" library="BuiltIn">
<doc>Converts the given item to a floating point number.</doc>
<arguments>
<arg>${DAE_BCR}</arg>
</arguments>
<assign>
<var>${DAE_BCR}</var>
</assign>
<msg timestamp="20210507 22:22:46.492" level="INFO">${DAE_BCR} = 5.79</msg>
<status status="PASS" starttime="20210507 22:22:46.492" endtime="20210507 22:22:46.492"></status>
</kw>
<kw name="Set Global Variable" library="BuiltIn">
<doc>Makes a variable available globally in all tests and suites.</doc>
<arguments>
<arg>${DAE_BCR}</arg>
<arg>${DAE_BCR}</arg>
</arguments>
<msg timestamp="20210507 22:22:46.492" level="INFO">${DAE_BCR} = 5.79</msg>
<status status="PASS" starttime="20210507 22:22:46.492" endtime="20210507 22:22:46.492"></status>
</kw>
<kw name="Click Element" library="SeleniumLibrary">
<doc>Click the element identified by ``locator``.</doc>
<arguments>
<arg>//*[@id="MainContent_calculeaza"]</arg>
</arguments>
<msg timestamp="20210507 22:22:46.492" level="INFO">Clicking element '//*[@id="MainContent_calculeaza"]'.</msg>
<status status="PASS" starttime="20210507 22:22:46.492" endtime="20210507 22:22:46.548"></status>
</kw>
<kw name="Sleep" library="BuiltIn">
<doc>Pauses the test executed for the given time.</doc>
<arguments>
<arg>2s</arg>
</arguments>
<msg timestamp="20210507 22:22:48.555" level="INFO">Slept 2 seconds</msg>
<status status="PASS" starttime="20210507 22:22:46.548" endtime="20210507 22:22:48.555"></status>
</kw>
<kw name="Get Text" library="SeleniumLibrary">
<doc>Returns the text value of the element identified by ``locator``.</doc>
<arguments>
<arg>//*[@class="r_dobanda_anuala"]</arg>
</arguments>
<assign>
<var>${Dobanda_BCR}</var>
</assign>
<msg timestamp="20210507 22:22:48.571" level="INFO">${Dobanda_BCR} = 4,68% fixă în primii 10 ani, ulterior variabilă 4,27% (IRCC + 2,60%)</msg>
<status status="PASS" starttime="20210507 22:22:48.555" endtime="20210507 22:22:48.571"></status>
</kw>
<kw name="Fetch From Left" library="String">
<doc>Returns contents of the ``string`` before the first occurrence of ``marker``.</doc>
<arguments>
<arg>${Dobanda_BCR}</arg>
<arg>%</arg>
</arguments>
<assign>
<var>${Dobanda_BCR}</var>
</assign>
<msg timestamp="20210507 22:22:48.571" level="INFO">${Dobanda_BCR} = 4,68</msg>
<status status="PASS" starttime="20210507 22:22:48.571" endtime="20210507 22:22:48.571"></status>
</kw>
<kw name="Replace String" library="String">
<doc>Replaces ``search_for`` in the given ``string`` with ``replace_with``.</doc>
<arguments>
<arg>${Dobanda_BCR}</arg>
<arg>,</arg>
<arg>.</arg>
</arguments>
<assign>
<var>${Dobanda_BCR}</var>
</assign>
<msg timestamp="20210507 22:22:48.571" level="INFO">${Dobanda_BCR} = 4.68</msg>
<status status="PASS" starttime="20210507 22:22:48.571" endtime="20210507 22:22:48.571"></status>
</kw>
<kw name="Convert To Number" library="BuiltIn">
<doc>Converts the given item to a floating point number.</doc>
<arguments>
<arg>${Dobanda_BCR}</arg>
</arguments>
<assign>
<var>${Dobanda_BCR}</var>
</assign>
<msg timestamp="20210507 22:22:48.571" level="INFO">${Dobanda_BCR} = 4.68</msg>
<status status="PASS" starttime="20210507 22:22:48.571" endtime="20210507 22:22:48.571"></status>
</kw>
<kw name="Set Global Variable" library="BuiltIn">
<doc>Makes a variable available globally in all tests and suites.</doc>
<arguments>
<arg>${Dobanda_BCR}</arg>
<arg>${Dobanda_BCR}</arg>
</arguments>
<msg timestamp="20210507 22:22:48.571" level="INFO">${Dobanda_BCR} = 4.68</msg>
<status status="PASS" starttime="20210507 22:22:48.571" endtime="20210507 22:22:48.571"></status>
</kw>
<kw name="Sleep" library="BuiltIn">
<doc>Pauses the test executed for the given time.</doc>
<arguments>
<arg>2s</arg>
</arguments>
<msg timestamp="20210507 22:22:50.586" level="INFO">Slept 2 seconds</msg>
<status status="PASS" starttime="20210507 22:22:48.571" endtime="20210507 22:22:50.586"></status>
</kw>
<kw name="Scroll Element Into View" library="SeleniumLibrary">
<doc>Scrolls the element identified by ``locator`` into view.</doc>
<arguments>
<arg>//*[@class="scadentar"]//*[@class="par-row"][181]//td[6]</arg>
</arguments>
<status status="PASS" starttime="20210507 22:22:50.586" endtime="20210507 22:22:50.890"></status>
</kw>
<kw name="Drag And Drop By Offset" library="SeleniumLibrary">
<doc>Drags the element identified with ``locator`` by ``xoffset/yoffset``.</doc>
<arguments>
<arg>//*[@class="jspDrag"]</arg>
<arg>100</arg>
<arg>400</arg>
</arguments>
<status status="PASS" starttime="20210507 22:22:50.890" endtime="20210507 22:22:51.430"></status>
</kw>
<kw name="Sleep" library="BuiltIn">
<doc>Pauses the test executed for the given time.</doc>
<arguments>
<arg>1s</arg>
</arguments>
<msg timestamp="20210507 22:22:52.445" level="INFO">Slept 1 second</msg>
<status status="PASS" starttime="20210507 22:22:51.430" endtime="20210507 22:22:52.445"></status>
</kw>
<kw name="Get Text" library="SeleniumLibrary">
<doc>Returns the text value of the element identified by ``locator``.</doc>
<arguments>
<arg>//*[@class="scadentar"]//*[@class="par-row"][181]//td[6]</arg>
</arguments>
<assign>
<var>${Total_BCR}</var>
</assign>
<msg timestamp="20210507 22:22:52.460" level="INFO">${Total_BCR} = 760.469,86</msg>
<status status="PASS" starttime="20210507 22:22:52.445" endtime="20210507 22:22:52.460"></status>
</kw>
<kw name="Replace String" library="String">
<doc>Replaces ``search_for`` in the given ``string`` with ``replace_with``.</doc>
<arguments>
<arg>${Total_BCR}</arg>
<arg>.</arg>
<arg>${EMPTY}</arg>
</arguments>
<assign>
<var>${Total_BCR}</var>
</assign>
<msg timestamp="20210507 22:22:52.460" level="INFO">${Total_BCR} = 760469,86</msg>
<status status="PASS" starttime="20210507 22:22:52.460" endtime="20210507 22:22:52.460"></status>
</kw>
<kw name="Replace String" library="String">
<doc>Replaces ``search_for`` in the given ``string`` with ``replace_with``.</doc>
<arguments>
<arg>${Total_BCR}</arg>
<arg>,</arg>
<arg>.</arg>
</arguments>
<assign>
<var>${Total_BCR}</var>
</assign>
<msg timestamp="20210507 22:22:52.460" level="INFO">${Total_BCR} = 760469.86</msg>
<status status="PASS" starttime="20210507 22:22:52.460" endtime="20210507 22:22:52.460"></status>
</kw>
<kw name="Convert To Number" library="BuiltIn">
<doc>Converts the given item to a floating point number.</doc>
<arguments>
<arg>${Total_BCR}</arg>
</arguments>
<assign>
<var>${Total_BCR}</var>
</assign>
<msg timestamp="20210507 22:22:52.460" level="INFO">${Total_BCR} = 760469.86</msg>
<status status="PASS" starttime="20210507 22:22:52.460" endtime="20210507 22:22:52.460"></status>
</kw>
<kw name="Set Global Variable" library="BuiltIn">
<doc>Makes a variable available globally in all tests and suites.</doc>
<arguments>
<arg>${Total_BCR}</arg>
<arg>${Total_BCR}</arg>
</arguments>
<msg timestamp="20210507 22:22:52.460" level="INFO">${Total_BCR} = 760469.86</msg>
<status status="PASS" starttime="20210507 22:22:52.460" endtime="20210507 22:22:52.460"></status>
</kw>
<status status="PASS" starttime="20210507 22:22:46.440" endtime="20210507 22:22:52.460"></status>
</kw>
<kw name="Reload Page" library="SeleniumLibrary">
<doc>Simulates user reloading page.</doc>
<status status="PASS" starttime="20210507 22:22:52.460" endtime="20210507 22:22:52.569"></status>
</kw>
<kw name="Click Element" library="SeleniumLibrary">
<doc>Click the element identified by ``locator``.</doc>
<arguments>
<arg>//*[@id="MainContent_tip_credit"]//*[@value="1"]</arg>
</arguments>
<msg timestamp="20210507 22:22:52.571" level="INFO">Clicking element '//*[@id="MainContent_tip_credit"]//*[@value="1"]'.</msg>
<status status="PASS" starttime="20210507 22:22:52.570" endtime="20210507 22:22:52.607"></status>
</kw>
<kw name="Sleep" library="BuiltIn">
<doc>Pauses the test executed for the given time.</doc>
<arguments>
<arg>1s</arg>
</arguments>
<msg timestamp="20210507 22:22:53.617" level="INFO">Slept 1 second</msg>
<status status="PASS" starttime="20210507 22:22:52.608" endtime="20210507 22:22:53.617"></status>
</kw>
<kw name="Click Element" library="SeleniumLibrary">
<doc>Click the element identified by ``locator``.</doc>
<arguments>
<arg>//*[@id="tip_produs"]//*[@value="12"]</arg>
</arguments>
<msg timestamp="20210507 22:22:53.617" level="INFO">Clicking element '//*[@id="tip_produs"]//*[@value="12"]'.</msg>
<status status="PASS" starttime="20210507 22:22:53.617" endtime="20210507 22:22:53.666"></status>
</kw>
<kw name="Click Element" library="SeleniumLibrary">
<doc>Click the element identified by ``locator``.</doc>
<arguments>
<arg>//*[@id="currency"]//*[@value="RON"]</arg>
</arguments>
<msg timestamp="20210507 22:22:53.667" level="INFO">Clicking element '//*[@id="currency"]//*[@value="RON"]'.</msg>
<status status="PASS" starttime="20210507 22:22:53.667" endtime="20210507 22:22:53.710"></status>
</kw>
<kw name="Sleep" library="BuiltIn">
<doc>Pauses the test executed for the given time.</doc>
<arguments>
<arg>2s</arg>
</arguments>
<msg timestamp="20210507 22:22:55.725" level="INFO">Slept 2 seconds</msg>
<status status="PASS" starttime="20210507 22:22:53.711" endtime="20210507 22:22:55.725"></status>
</kw>
<kw name="Click Element" library="SeleniumLibrary">
<doc>Click the element identified by ``locator``.</doc>
<arguments>
<arg>//*[@id="val_credit"]</arg>
</arguments>
<msg timestamp="20210507 22:22:55.725" level="INFO">Clicking element '//*[@id="val_credit"]'.</msg>
<status status="PASS" starttime="20210507 22:22:55.725" endtime="20210507 22:22:55.787"></status>
</kw>
<kw name="Enter Value For First" library="InputValue39">
<status status="PASS" starttime="20210507 22:22:55.788" endtime="20210507 22:22:56.449"></status>
</kw>
<kw name="Click Element" library="SeleniumLibrary">
<doc>Click the element identified by ``locator``.</doc>
<arguments>
<arg>//*[@id="val_perioada"]</arg>
</arguments>
<msg timestamp="20210507 22:22:56.451" level="INFO">Clicking element '//*[@id="val_perioada"]'.</msg>
<status status="PASS" starttime="20210507 22:22:56.449" endtime="20210507 22:22:56.515"></status>
</kw>
<kw name="Enter Period" library="InputValue360">
<status status="PASS" starttime="20210507 22:22:56.515" endtime="20210507 22:22:57.180"></status>
</kw>
<kw name="Sleep" library="BuiltIn">
<doc>Pauses the test executed for the given time.</doc>
<arguments>
<arg>3s</arg>
</arguments>
<msg timestamp="20210507 22:23:00.193" level="INFO">Slept 3 seconds</msg>
<status status="PASS" starttime="20210507 22:22:57.180" endtime="20210507 22:23:00.193"></status>
</kw>
<kw name="BCR Enter Value for PrimaCasa">
<kw name="Get Text" library="SeleniumLibrary">
<doc>Returns the text value of the element identified by ``locator``.</doc>
<arguments>
<arg>//*[@id="rata_preview"]</arg>
</arguments>
<assign>
<var>${RataPrima_BCR}</var>
</assign>
<msg timestamp="20210507 22:23:00.216" level="INFO">${RataPrima_BCR} = Rată lunară: 1.788,49</msg>
<status status="PASS" starttime="20210507 22:23:00.193" endtime="20210507 22:23:00.216"></status>
</kw>
<kw name="Replace String" library="String">
<doc>Replaces ``search_for`` in the given ``string`` with ``replace_with``.</doc>
<arguments>
<arg>${RataPrima_BCR}</arg>
<arg>.</arg>
<arg>${EMPTY}</arg>
</arguments>
<assign>
<var>${RataPrima_BCR}</var>
</assign>
<msg timestamp="20210507 22:23:00.216" level="INFO">${RataPrima_BCR} = Rată lunară: 1788,49</msg>
<status status="PASS" starttime="20210507 22:23:00.216" endtime="20210507 22:23:00.216"></status>
</kw>
<kw name="Replace String" library="String">
<doc>Replaces ``search_for`` in the given ``string`` with ``replace_with``.</doc>
<arguments>
<arg>${RataPrima_BCR}</arg>
<arg>,</arg>
<arg>.</arg>
</arguments>
<assign>
<var>${RataPrima_BCR}</var>
</assign>
<msg timestamp="20210507 22:23:00.216" level="INFO">${RataPrima_BCR} = Rată lunară: 1788.49</msg>
<status status="PASS" starttime="20210507 22:23:00.216" endtime="20210507 22:23:00.216"></status>
</kw>
<kw name="Fetch From Right" library="String">
<doc>Returns contents of the ``string`` after the last occurrence of ``marker``.</doc>
<arguments>
<arg>${RataPrima_BCR}</arg>
<arg>:</arg>
</arguments>
<assign>
<var>${RataPrima_BCR}</var>
</assign>
<msg timestamp="20210507 22:23:00.216" level="INFO">${RataPrima_BCR} =  1788.49</msg>
<status status="PASS" starttime="20210507 22:23:00.216" endtime="20210507 22:23:00.216"></status>
</kw>
<kw name="Convert To Number" library="BuiltIn">
<doc>Converts the given item to a floating point number.</doc>
<arguments>
<arg>${RataPrima_BCR}</arg>
</arguments>
<assign>
<var>${RataPrima_BCR}</var>
</assign>
<msg timestamp="20210507 22:23:00.216" level="INFO">${RataPrima_BCR} = 1788.49</msg>
<status status="PASS" starttime="20210507 22:23:00.216" endtime="20210507 22:23:00.216"></status>
</kw>
<kw name="Set Global Variable" library="BuiltIn">
<doc>Makes a variable available globally in all tests and suites.</doc>
<arguments>
<arg>${RataPrima_BCR}</arg>
<arg>${RataPrima_BCR}</arg>
</arguments>
<msg timestamp="20210507 22:23:00.216" level="INFO">${RataPrima_BCR} = 1788.49</msg>
<status status="PASS" starttime="20210507 22:23:00.216" endtime="20210507 22:23:00.216"></status>
</kw>
<kw name="Get Text" library="SeleniumLibrary">
<doc>Returns the text value of the element identified by ``locator``.</doc>
<arguments>
<arg>//*[@id="dae_preview"]</arg>
</arguments>
<assign>
<var>${DAEPrima_BCR}</var>
</assign>
<msg timestamp="20210507 22:23:00.247" level="INFO">${DAEPrima_BCR} = Valoare DAE: 3,93%</msg>
<status status="PASS" starttime="20210507 22:23:00.216" endtime="20210507 22:23:00.247"></status>
</kw>
<kw name="Fetch From Left" library="String">
[...]
</kw>
<kw name="Wait Until Element Is Visible" library="SeleniumLibrary">
<doc>Waits until the element ``locator`` is visible.</doc>
<arguments>
<arg>//*[@id="loanVarIterest"]</arg>
<arg>10s</arg>
</arguments>
<status status="PASS" starttime="20210507 22:25:42.992" endtime="20210507 22:25:45.912"></status>
</kw>
<kw name="CEC Enter Value">
<kw name="Get Text" library="SeleniumLibrary">
<doc>Returns the text value of the element identified by ``locator``.</doc>
<arguments>
<arg>//*[@id="loanVarIterest"]</arg>
</arguments>
<assign>
<var>${Dobanda_CEC}</var>
</assign>
<msg timestamp="20210507 22:25:45.936" level="INFO">${Dobanda_CEC} = 4.17 %</msg>
<status status="PASS" starttime="20210507 22:25:45.913" endtime="20210507 22:25:45.936"></status>
</kw>
<kw name="Fetch From Left" library="String">
<doc>Returns contents of the ``string`` before the first occurrence of ``marker``.</doc>
<arguments>
<arg>${Dobanda_CEC}</arg>
<arg>%</arg>
</arguments>
<assign>
<var>${Dobanda_CEC}</var>
</assign>
<msg timestamp="20210507 22:25:45.937" level="INFO">${Dobanda_CEC} = 4.17 </msg>
<status status="PASS" starttime="20210507 22:25:45.937" endtime="20210507 22:25:45.937"></status>
</kw>
<kw name="Convert To Number" library="BuiltIn">
<doc>Converts the given item to a floating point number.</doc>
<arguments>
<arg>${Dobanda_CEC}</arg>
</arguments>
<assign>
<var>${Dobanda_CEC}</var>
</assign>
<msg timestamp="20210507 22:25:45.937" level="INFO">${Dobanda_CEC} = 4.17</msg>
<status status="PASS" starttime="20210507 22:25:45.937" endtime="20210507 22:25:45.937"></status>
</kw>
<kw name="Set Global Variable" library="BuiltIn">
<doc>Makes a variable available globally in all tests and suites.</doc>
<arguments>
<arg>${Dobanda_CEC}</arg>
<arg>${Dobanda_CEC}</arg>
</arguments>
<msg timestamp="20210507 22:25:45.938" level="INFO">${Dobanda_CEC} = 4.17</msg>
<status status="PASS" starttime="20210507 22:25:45.938" endtime="20210507 22:25:45.938"></status>
</kw>
<kw name="Get Text" library="SeleniumLibrary">
<doc>Returns the text value of the element identified by ``locator``.</doc>
<arguments>
<arg>//*[@id="loanVarDae"]</arg>
</arguments>
<assign>
<var>${DAE_CEC}</var>
</assign>
<msg timestamp="20210507 22:25:45.951" level="INFO">${DAE_CEC} = 4.77 %</msg>
<status status="PASS" starttime="20210507 22:25:45.938" endtime="20210507 22:25:45.951"></status>
</kw>
<kw name="Fetch From Left" library="String">
<doc>Returns contents of the ``string`` before the first occurrence of ``marker``.</doc>
<arguments>
<arg>${DAE_CEC}</arg>
<arg>%</arg>
</arguments>
<assign>
<var>${DAE_CEC}</var>
</assign>
<msg timestamp="20210507 22:25:45.951" level="INFO">${DAE_CEC} = 4.77 </msg>
<status status="PASS" starttime="20210507 22:25:45.951" endtime="20210507 22:25:45.951"></status>
</kw>
<kw name="Convert To Number" library="BuiltIn">
<doc>Converts the given item to a floating point number.</doc>
<arguments>
<arg>${DAE_CEC}</arg>
</arguments>
<assign>
<var>${DAE_CEC}</var>
</assign>
<msg timestamp="20210507 22:25:45.951" level="INFO">${DAE_CEC} = 4.77</msg>
<status status="PASS" starttime="20210507 22:25:45.951" endtime="20210507 22:25:45.951"></status>
</kw>
<kw name="Set Global Variable" library="BuiltIn">
<doc>Makes a variable available globally in all tests and suites.</doc>
<arguments>
<arg>${DAE_CEC}</arg>
<arg>${DAE_CEC}</arg>
</arguments>
<msg timestamp="20210507 22:25:45.951" level="INFO">${DAE_CEC} = 4.77</msg>
<status status="PASS" starttime="20210507 22:25:45.951" endtime="20210507 22:25:45.951"></status>
</kw>
<kw name="Get Text" library="SeleniumLibrary">
<doc>Returns the text value of the element identified by ``locator``.</doc>
<arguments>
<arg>//*[@id="loanVarFirstInstallment"]</arg>
</arguments>
<assign>
<var>${Rata_CEC}</var>
</assign>
<msg timestamp="20210507 22:25:45.982" level="INFO">${Rata_CEC} = 2313.13 Lei</msg>
<status status="PASS" starttime="20210507 22:25:45.951" endtime="20210507 22:25:45.982"></status>
</kw>
<kw name="Fetch From Left" library="String">
<doc>Returns contents of the ``string`` before the first occurrence of ``marker``.</doc>
<arguments>
<arg>${Rata_CEC}</arg>
<arg>Lei</arg>
</arguments>
<assign>
<var>${Rata_CEC}</var>
</assign>
<msg timestamp="20210507 22:25:45.982" level="INFO">${Rata_CEC} = 2313.13 </msg>
<status status="PASS" starttime="20210507 22:25:45.982" endtime="20210507 22:25:45.982"></status>
</kw>
<kw name="Convert To Number" library="BuiltIn">
<doc>Converts the given item to a floating point number.</doc>
<arguments>
<arg>${Rata_CEC}</arg>
</arguments>
<assign>
<var>${Rata_CEC}</var>
</assign>
<msg timestamp="20210507 22:25:45.982" level="INFO">${Rata_CEC} = 2313.13</msg>
<status status="PASS" starttime="20210507 22:25:45.982" endtime="20210507 22:25:45.982"></status>
</kw>
<kw name="Set Global Variable" library="BuiltIn">
<doc>Makes a variable available globally in all tests and suites.</doc>
<arguments>
<arg>${Rata_CEC}</arg>
<arg>${Rata_CEC}</arg>
</arguments>
<msg timestamp="20210507 22:25:45.982" level="INFO">${Rata_CEC} = 2313.13</msg>
<status status="PASS" starttime="20210507 22:25:45.982" endtime="20210507 22:25:45.982"></status>
</kw>
<kw name="Get Text" library="SeleniumLibrary">
<doc>Returns the text value of the element identified by ``locator``.</doc>
<arguments>
<arg>//*[@id="loanVarTotal"]</arg>
</arguments>
<assign>
<var>${Total_CEC}</var>
</assign>
<msg timestamp="20210507 22:25:46.013" level="INFO">${Total_CEC} = 807421.39 Lei</msg>
<status status="PASS" starttime="20210507 22:25:45.982" endtime="20210507 22:25:46.013"></status>
</kw>
<kw name="Fetch From Left" library="String">
<doc>Returns contents of the ``string`` before the first occurrence of ``marker``.</doc>
<arguments>
<arg>${Total_CEC}</arg>
<arg>Lei</arg>
</arguments>
<assign>
<var>${Total_CEC}</var>
</assign>
<msg timestamp="20210507 22:25:46.013" level="INFO">${Total_CEC} = 807421.39 </msg>
<status status="PASS" starttime="20210507 22:25:46.013" endtime="20210507 22:25:46.013"></status>
</kw>
<kw name="Convert To Number" library="BuiltIn">
<doc>Converts the given item to a floating point number.</doc>
<arguments>
<arg>${Total_CEC}</arg>
</arguments>
<assign>
<var>${Total_CEC}</var>
</assign>
<msg timestamp="20210507 22:25:46.013" level="INFO">${Total_CEC} = 807421.39</msg>
<status status="PASS" starttime="20210507 22:25:46.013" endtime="20210507 22:25:46.013"></status>
</kw>
<kw name="Set Global Variable" library="BuiltIn">
<doc>Makes a variable available globally in all tests and suites.</doc>
<arguments>
<arg>${Total_CEC}</arg>
<arg>${Total_CEC}</arg>
</arguments>
<msg timestamp="20210507 22:25:46.013" level="INFO">${Total_CEC} = 807421.39</msg>
<status status="PASS" starttime="20210507 22:25:46.013" endtime="20210507 22:25:46.013"></status>
</kw>
<status status="PASS" starttime="20210507 22:25:45.913" endtime="20210507 22:25:46.013"></status>
</kw>
<kw name="Close Browser" library="SeleniumLibrary">
<doc>Closes the current browser.</doc>
<status status="PASS" starttime="20210507 22:25:46.013" endtime="20210507 22:25:48.185"></status>
</kw>
<status status="PASS" starttime="20210507 22:25:31.906" endtime="20210507 22:25:48.185" critical="yes"></status>
</test>
<test id="s1-t20" name="CEC Second PrimaCasa">
<kw name="Open Browser" library="SeleniumLibrary">
<doc>Opens a new browser instance to the optional ``url``.</doc>
<arguments>
<arg>https://www.cec.ro/credite-noua-casa</arg>
<arg>Chrome</arg>
</arguments>
<msg timestamp="20210507 22:25:48.195" level="INFO">Opening browser 'Chrome' to base url 'https://www.cec.ro/credite-noua-casa'.</msg>
<status status="PASS" starttime="20210507 22:25:48.195" endtime="20210507 22:25:51.502"></status>
</kw>
<kw name="Maximize Browser Window" library="SeleniumLibrary">
<doc>Maximizes current browser window.</doc>
<status status="PASS" starttime="20210507 22:25:51.502" endtime="20210507 22:25:51.628"></status>
</kw>
<kw name="Sleep" library="BuiltIn">
<doc>Pauses the test executed for the given time.</doc>
<arguments>
<arg>5s</arg>
</arguments>
<msg timestamp="20210507 22:25:56.631" level="INFO">Slept 5 seconds</msg>
<status status="PASS" starttime="20210507 22:25:51.628" endtime="20210507 22:25:56.631"></status>
</kw>
<kw name="Scroll Element Into View" library="SeleniumLibrary">
<doc>Scrolls the element identified by ``locator`` into view.</doc>
<arguments>
<arg>//*[@id="calculator_borrowed_value"]</arg>
</arguments>
<status status="PASS" starttime="20210507 22:25:56.631" endtime="20210507 22:25:56.916"></status>
</kw>
<kw name="Drag And Drop By Offset" library="SeleniumLibrary">
<doc>Drags the element identified with ``locator`` by ``xoffset/yoffset``.</doc>
<arguments>
<arg>//*[@id="calc_value"]</arg>
<arg>134</arg>
<arg>0</arg>
</arguments>
<status status="PASS" starttime="20210507 22:25:56.916" endtime="20210507 22:25:57.490"></status>
</kw>
<kw name="Drag And Drop By Offset" library="SeleniumLibrary">
<doc>Drags the element identified with ``locator`` by ``xoffset/yoffset``.</doc>
<arguments>
<arg>//*[@id="calc_range"]</arg>
<arg>300</arg>
<arg>0</arg>
</arguments>
<status status="PASS" starttime="20210507 22:25:57.491" endtime="20210507 22:25:58.059"></status>
</kw>
<kw name="Sleep" library="BuiltIn">
<doc>Pauses the test executed for the given time.</doc>
<arguments>
<arg>5s</arg>
</arguments>
<msg timestamp="20210507 22:26:03.065" level="INFO">Slept 5 seconds</msg>
<status status="PASS" starttime="20210507 22:25:58.060" endtime="20210507 22:26:03.065"></status>
</kw>
<kw name="Click Element" library="SeleniumLibrary">
<doc>Click the element identified by ``locator``.</doc>
<arguments>
<arg>//*[@id="calculator-calculate-btn"]</arg>
</arguments>
<msg timestamp="20210507 22:26:03.065" level="INFO">Clicking element '//*[@id="calculator-calculate-btn"]'.</msg>
<status status="PASS" starttime="20210507 22:26:03.065" endtime="20210507 22:26:03.146"></status>
</kw>
<kw name="Wait Until Element Is Visible" library="SeleniumLibrary">
<doc>Waits until the element ``locator`` is visible.</doc>
<arguments>
<arg>//*[@id="loanVarIterest"]</arg>
<arg>10s</arg>
</arguments>
<status status="PASS" starttime="20210507 22:26:03.146" endtime="20210507 22:26:05.941"></status>
</kw>
<kw name="CEC Enter Value for PrimaCasa">
<kw name="Get Text" library="SeleniumLibrary">
<doc>Returns the text value of the element identified by ``locator``.</doc>
<arguments>
<arg>//*[@id="loanVarIterest"]</arg>
</arguments>
<assign>
<var>${DobandaPrima_CEC}</var>
</assign>
<msg timestamp="20210507 22:26:05.973" level="INFO">${DobandaPrima_CEC} = 3.67 %</msg>
<status status="PASS" starttime="20210507 22:26:05.952" endtime="20210507 22:26:05.973"></status>
</kw>
<kw name="Fetch From Left" library="String">
<doc>Returns contents of the ``string`` before the first occurrence of ``marker``.</doc>
<arguments>
<arg>${DobandaPrima_CEC}</arg>
<arg>%</arg>
</arguments>
<assign>
<var>${DobandaPrima_CEC}</var>
</assign>
<msg timestamp="20210507 22:26:05.973" level="INFO">${DobandaPrima_CEC} = 3.67 </msg>
<status status="PASS" starttime="20210507 22:26:05.973" endtime="20210507 22:26:05.973"></status>
</kw>
<kw name="Convert To Number" library="BuiltIn">
<doc>Converts the given item to a floating point number.</doc>
<arguments>
<arg>${DobandaPrima_CEC}</arg>
</arguments>
<assign>
<var>${DobandaPrima_CEC}</var>
</assign>
<msg timestamp="20210507 22:26:05.973" level="INFO">${DobandaPrima_CEC} = 3.67</msg>
<status status="PASS" starttime="20210507 22:26:05.973" endtime="20210507 22:26:05.973"></status>
</kw>
<kw name="Set Global Variable" library="BuiltIn">
<doc>Makes a variable available globally in all tests and suites.</doc>
<arguments>
<arg>${DobandaPrima_CEC}</arg>
<arg>${DobandaPrima_CEC}</arg>
</arguments>
<msg timestamp="20210507 22:26:05.973" level="INFO">${DobandaPrima_CEC} = 3.67</msg>
<status status="PASS" starttime="20210507 22:26:05.973" endtime="20210507 22:26:05.973"></status>
</kw>
<kw name="Get Text" library="SeleniumLibrary">
<doc>Returns the text value of the element identified by ``locator``.</doc>
<arguments>
<arg>//*[@id="loanVarDae"]</arg>
</arguments>
<assign>
<var>${DAEPrima_CEC}</var>
</assign>
<msg timestamp="20210507 22:26:06.004" level="INFO">${DAEPrima_CEC} = 3.73 %</msg>
<status status="PASS" starttime="20210507 22:26:05.973" endtime="20210507 22:26:06.004"></status>
</kw>
<kw name="Fetch From Left" library="String">
<doc>Returns contents of the ``string`` before the first occurrence of ``marker``.</doc>
<arguments>
<arg>${DAEPrima_CEC}</arg>
<arg>%</arg>
</arguments>
<assign>
<var>${DAEPrima_CEC}</var>
</assign>
<msg timestamp="20210507 22:26:06.004" level="INFO">${DAEPrima_CEC} = 3.73 </msg>
<status status="PASS" starttime="20210507 22:26:06.004" endtime="20210507 22:26:06.004"></status>
</kw>
<kw name="Convert To Number" library="BuiltIn">
<doc>Converts the given item to a floating point number.</doc>
<arguments>
<arg>${DAEPrima_CEC}</arg>
</arguments>
<assign>
<var>${DAEPrima_CEC}</var>
</assign>
<msg timestamp="20210507 22:26:06.004" level="INFO">${DAEPrima_CEC} = 3.73</msg>
<status status="PASS" starttime="20210507 22:26:06.004" endtime="20210507 22:26:06.004"></status>
</kw>
<kw name="Set Global Variable" library="BuiltIn">
<doc>Makes a variable available globally in all tests and suites.</doc>
<arguments>
<arg>${DAEPrima_CEC}</arg>
<arg>${DAEPrima_CEC}</arg>
</arguments>
<msg timestamp="20210507 22:26:06.004" level="INFO">${DAEPrima_CEC} = 3.73</msg>
<status status="PASS" starttime="20210507 22:26:06.004" endtime="20210507 22:26:06.004"></status>
</kw>
<kw name="Get Text" library="SeleniumLibrary">
<doc>Returns the text value of the element identified by ``locator``.</doc>
<arguments>
<arg>//*[@id="loanVarFirstInstallment"]</arg>
</arguments>
<assign>
<var>${RataPrima_CEC}</var>
</assign>
<msg timestamp="20210507 22:26:06.035" level="INFO">${RataPrima_CEC} = 2013.45 Lei</msg>
<status status="PASS" starttime="20210507 22:26:06.004" endtime="20210507 22:26:06.035"></status>
</kw>
<kw name="Fetch From Left" library="String">
<doc>Returns contents of the ``string`` before the first occurrence of ``marker``.</doc>
<arguments>
<arg>${RataPrima_CEC}</arg>
<arg>Lei</arg>
</arguments>
<assign>
<var>${RataPrima_CEC}</var>
</assign>
<msg timestamp="20210507 22:26:06.035" level="INFO">${RataPrima_CEC} = 2013.45 </msg>
<status status="PASS" starttime="20210507 22:26:06.035" endtime="20210507 22:26:06.035"></status>
</kw>
<kw name="Convert To Number" library="BuiltIn">
<doc>Converts the given item to a floating point number.</doc>
<arguments>
<arg>${RataPrima_CEC}</arg>
</arguments>
<assign>
<var>${RataPrima_CEC}</var>
</assign>
<msg timestamp="20210507 22:26:06.035" level="INFO">${RataPrima_CEC} = 2013.45</msg>
<status status="PASS" starttime="20210507 22:26:06.035" endtime="20210507 22:26:06.035"></status>
</kw>
<kw name="Set Global Variable" library="BuiltIn">
<doc>Makes a variable available globally in all tests and suites.</doc>
<arguments>
<arg>${RataPrima_CEC}</arg>
<arg>${RataPrima_CEC}</arg>
</arguments>
<msg timestamp="20210507 22:26:06.035" level="INFO">${RataPrima_CEC} = 2013.45</msg>
<status status="PASS" starttime="20210507 22:26:06.035" endtime="20210507 22:26:06.035"></status>
</kw>
<kw name="Get Text" library="SeleniumLibrary">
<doc>Returns the text value of the element identified by ``locator``.</doc>
<arguments>
<arg>//*[@id="loanVarTotal"]</arg>
</arguments>
<assign>
<var>${TotalPrima_CEC}</var>
</assign>
<msg timestamp="20210507 22:26:06.067" level="INFO">${TotalPrima_CEC} = 724841.23 Lei</msg>
<status status="PASS" starttime="20210507 22:26:06.035" endtime="20210507 22:26:06.067"></status>
</kw>
<kw name="Fetch From Left" library="String">
<doc>Returns contents of the ``string`` before the first occurrence of ``marker``.</doc>
<arguments>
<arg>${TotalPrima_CEC}</arg>
<arg>Lei</arg>
</arguments>
<assign>
<var>${TotalPrima_CEC}</var>
</assign>
<msg timestamp="20210507 22:26:06.067" level="INFO">${TotalPrima_CEC} = 724841.23 </msg>
<status status="PASS" starttime="20210507 22:26:06.067" endtime="20210507 22:26:06.067"></status>
</kw>
<kw name="Convert To Number" library="BuiltIn">
<doc>Converts the given item to a floating point number.</doc>
<arguments>
<arg>${TotalPrima_CEC}</arg>
</arguments>
<assign>
<var>${TotalPrima_CEC}</var>
</assign>
<msg timestamp="20210507 22:26:06.067" level="INFO">${TotalPrima_CEC} = 724841.23</msg>
<status status="PASS" starttime="20210507 22:26:06.067" endtime="20210507 22:26:06.067"></status>
</kw>
<kw name="Set Global Variable" library="BuiltIn">
<doc>Makes a variable available globally in all tests and suites.</doc>
<arguments>
<arg>${TotalPrima_CEC}</arg>
<arg>${TotalPrima_CEC}</arg>
</arguments>
<msg timestamp="20210507 22:26:06.067" level="INFO">${TotalPrima_CEC} = 724841.23</msg>
<status status="PASS" starttime="20210507 22:26:06.067" endtime="20210507 22:26:06.067"></status>
</kw>
<status status="PASS" starttime="20210507 22:26:05.941" endtime="20210507 22:26:06.067"></status>
</kw>
<kw name="Close Browser" library="SeleniumLibrary">
<doc>Closes the current browser.</doc>
<status status="PASS" starttime="20210507 22:26:06.067" endtime="20210507 22:26:08.274"></status>
</kw>
<status status="PASS" starttime="20210507 22:25:48.193" endtime="20210507 22:26:08.274" critical="yes"></status>
</test>
<test id="s1-t21" name="Append Values in Excel">
<kw name="Add Value For Second" library="440000">
<arguments>
<arg>C:\\Users\\laura\\OneDrive\\Desktop\\ROBOT\\EuroEvolutie.xlsx</arg>
<arg>${DobandaPA_ING}</arg>
<arg>${DAE_PA_ING}</arg>
<arg>${PrimaRata_ING}</arg>
<arg>${RambursTotal_ING}</arg>
<arg>${PC_DobandaPA_ING}</arg>
<arg>${PC_DAE_PA_ING}</arg>
<arg>${PC_PrimaRata_ING}</arg>
<arg>${PC_RambursTotal_ING}</arg>
<arg>${DobandaPA}</arg>
<arg>${DAE_PA}</arg>
<arg>${PrimaRata}</arg>
<arg>${RambursTotal}</arg>
<arg>${PC_DobandaPA}</arg>
<arg>${PC_DAE_PA}</arg>
<arg>${PC_PrimaRata}</arg>
<arg>${PC_RambursTotal}</arg>
<arg>${Dobanda_BRD}</arg>
<arg>${DAE_BRD}</arg>
<arg>${PrimaRata_BRD}</arg>
<arg>${Total_BRD}</arg>
<arg>${Dobanda_BCR}</arg>
<arg>${DAE_BCR}</arg>
<arg>${Rata_BCR}</arg>
<arg>${Total_BCR}</arg>
<arg>${DobandaPrima_BCR}</arg>
<arg>${DAEPrima_BCR}</arg>
<arg>${RataPrima_BCR}</arg>
<arg>${TotalPrima_BCR}</arg>
<arg>${DAE_BT}</arg>
<arg>${Rata_BT}</arg>
<arg>${Total_BT}</arg>
<arg>${Dobanda_CEC}</arg>
<arg>${DAE_CEC}</arg>
<arg>${Rata_CEC}</arg>
<arg>${Total_CEC}</arg>
<arg>${DobandaPrima_CEC}</arg>
<arg>${DAEPrima_CEC}</arg>
<arg>${RataPrima_CEC}</arg>
<arg>${TotalPrima_CEC}</arg>
</arguments>
<msg timestamp="20210507 22:26:08.288" level="FAIL">Variable '${Dobanda_BRD}' not found. Did you mean:
    ${Dobanda_BCR}</msg>
<status status="FAIL" starttime="20210507 22:26:08.287" endtime="20210507 22:26:08.288"></status>
</kw>
<status status="FAIL" starttime="20210507 22:26:08.284" endtime="20210507 22:26:08.288" critical="yes">Variable '${Dobanda_BRD}' not found. Did you mean:
    ${Dobanda_BCR}</status>
</test>
<test id="s1-t22" name="Close">
<kw name="Close Browser" library="SeleniumLibrary">
<doc>Closes the current browser.</doc>
<status status="PASS" starttime="20210507 22:26:08.302" endtime="20210507 22:26:08.302"></status>
</kw>
<status status="PASS" starttime="20210507 22:26:08.300" endtime="20210507 22:26:08.303" critical="yes"></status>
</test>
<status status="FAIL" starttime="20210507 22:21:27.296" endtime="20210507 22:26:08.310"></status>
</suite>
<statistics>
<total>
<stat pass="18" fail="4">Critical Tests</stat>
<stat pass="18" fail="4">All Tests</stat>
</total>
<tag>
</tag>
<suite>
<stat pass="18" fail="4" id="s1" name="AutomatedProcess">AutomatedProcess</stat>
</suite>
</statistics>
<errors>
<msg timestamp="20210507 22:21:30.767" level="ERROR">Error in file 'C:\Users\laura\OneDrive\Desktop\ROBOT\AutomatedProcess.robot' on line 14: Test library 'NewTab.py' does not exist.</msg>
<msg timestamp="20210507 22:26:08.282" level="WARN">Multiple test cases with name 'Append Values in Excel' executed in test suite 'AutomatedProcess'.</msg>
</errors>
</robot>
